Log file open, 04/19/17 12:14:59
LogInit:Display: Running engine for game: NetZeroGravity
LogPlatformFile: Not using cached read wrapper
LogInit:Display: RandInit(-242243864) SRandInit(-242243864).
LogTaskGraph: Started task graph with 5 named threads and 8 total threads with 1 sets of task threads.
LogStats: Stats thread started at 0.082160
LogPluginManager: Loaded Plugin Paper2D, From C:/Program Files/Epic Games/4.14/Engine/Plugins/2D/Paper2D/Paper2D.uplugin
LogPluginManager: Loaded Plugin LightPropagationVolume, From C:/Program Files/Epic Games/4.14/Engine/Plugins/Blendables/LightPropagationVolume/LightPropagationVolume.uplugin
LogPluginManager: Loaded Plugin BlankPlugin, From C:/Program Files/Epic Games/4.14/Engine/Plugins/Developer/BlankPlugin/BlankPlugin.uplugin
LogPluginManager: Loaded Plugin CodeLiteSourceCodeAccess, From C:/Program Files/Epic Games/4.14/Engine/Plugins/Developer/CodeLiteSourceCodeAccess/CodeLiteSourceCodeAccess.uplugin
LogPluginManager: Loaded Plugin GitSourceControl, From C:/Program Files/Epic Games/4.14/Engine/Plugins/Developer/GitSourceControl/GitSourceControl.uplugin
LogPluginManager: Loaded Plugin KDevelopSourceCodeAccess, From C:/Program Files/Epic Games/4.14/Engine/Plugins/Developer/KDevelopSourceCodeAccess/KDevelopSourceCodeAccess.uplugin
LogPluginManager: Loaded Plugin NullSourceCodeAccess, From C:/Program Files/Epic Games/4.14/Engine/Plugins/Developer/NullSourceCodeAccess/NullSourceCodeAccess.uplugin
LogPluginManager: Loaded Plugin OneSkyLocalizationService, From C:/Program Files/Epic Games/4.14/Engine/Plugins/Developer/OneSkyLocalizationService/OneSkyLocalizationService.uplugin
LogPluginManager: Loaded Plugin PerforceSourceControl, From C:/Program Files/Epic Games/4.14/Engine/Plugins/Developer/PerforceSourceControl/PerforceSourceControl.uplugin
LogPluginManager: Loaded Plugin SubversionSourceControl, From C:/Program Files/Epic Games/4.14/Engine/Plugins/Developer/SubversionSourceControl/SubversionSourceControl.uplugin
LogPluginManager: Loaded Plugin UObjectPlugin, From C:/Program Files/Epic Games/4.14/Engine/Plugins/Developer/UObjectPlugin/UObjectPlugin.uplugin
LogPluginManager: Loaded Plugin VisualStudioSourceCodeAccess, From C:/Program Files/Epic Games/4.14/Engine/Plugins/Developer/VisualStudioSourceCodeAccess/VisualStudioSourceCodeAccess.uplugin
LogPluginManager: Loaded Plugin XCodeSourceCodeAccess, From C:/Program Files/Epic Games/4.14/Engine/Plugins/Developer/XCodeSourceCodeAccess/XCodeSourceCodeAccess.uplugin
LogPluginManager: Loaded Plugin AudioCapture, From C:/Program Files/Epic Games/4.14/Engine/Plugins/Editor/AudioCapture/AudioCapture.uplugin
LogPluginManager: Loaded Plugin EpicSurvey, From C:/Program Files/Epic Games/4.14/Engine/Plugins/Editor/EpicSurvey/EpicSurvey.uplugin
LogPluginManager: Loaded Plugin MacGraphicsSwitching, From C:/Program Files/Epic Games/4.14/Engine/Plugins/Editor/MacGraphicsSwitching/MacGraphicsSwitching.uplugin
LogPluginManager: Loaded Plugin MobileLauncherProfileWizard, From C:/Program Files/Epic Games/4.14/Engine/Plugins/Editor/MobileLauncherProfileWizard/MobileLauncherProfileWizard.uplugin
LogPluginManager: Loaded Plugin PluginBrowser, From C:/Program Files/Epic Games/4.14/Engine/Plugins/Editor/PluginBrowser/PluginBrowser.uplugin
LogPluginManager: Loaded Plugin SpeedTreeImporter, From C:/Program Files/Epic Games/4.14/Engine/Plugins/Editor/SpeedTreeImporter/SpeedTreeImporter.uplugin
LogPluginManager: Loaded Plugin SuperSearchEditor, From C:/Program Files/Epic Games/4.14/Engine/Plugins/Editor/SuperSearchEditor/SuperSearchEditor.uplugin
LogPluginManager: Loaded Plugin AlembicImporter, From C:/Program Files/Epic Games/4.14/Engine/Plugins/Experimental/AlembicImporter/AlembicImporter.uplugin
LogPluginManager: Loaded Plugin BlueprintStats, From C:/Program Files/Epic Games/4.14/Engine/Plugins/Experimental/BlueprintStats/BlueprintStats.uplugin
LogPluginManager: Loaded Plugin CharacterAI, From C:/Program Files/Epic Games/4.14/Engine/Plugins/Experimental/CharacterAI/CharacterAI.uplugin
LogPluginManager: Loaded Plugin CodeEditor, From C:/Program Files/Epic Games/4.14/Engine/Plugins/Experimental/CodeEditor/CodeEditor.uplugin
LogPluginManager: Loaded Plugin CodeView, From C:/Program Files/Epic Games/4.14/Engine/Plugins/Experimental/CodeView/CodeView.uplugin
LogPluginManager: Loaded Plugin HTML5Networking, From C:/Program Files/Epic Games/4.14/Engine/Plugins/Experimental/HTML5Networking/HTML5Networking.uplugin
LogPluginManager: Loaded Plugin OSVR, From C:/Program Files/Epic Games/4.14/Engine/Plugins/Experimental/OSVR/OSVR.uplugin
LogPluginManager: Loaded Plugin Phya, From C:/Program Files/Epic Games/4.14/Engine/Plugins/Experimental/Phya/Phya.uplugin
LogPluginManager: Loaded Plugin SignificanceManager, From C:/Program Files/Epic Games/4.14/Engine/Plugins/Experimental/SignificanceManager/SignificanceManager.uplugin
LogPluginManager: Loaded Plugin SimpleHMD, From C:/Program Files/Epic Games/4.14/Engine/Plugins/Experimental/SimpleHMD/SimpleHMD.uplugin
LogPluginManager: Loaded Plugin StereoPanorama, From C:/Program Files/Epic Games/4.14/Engine/Plugins/Experimental/StereoPanorama/StereoPanorama.uplugin
LogPluginManager: Loaded Plugin StructBox, From C:/Program Files/Epic Games/4.14/Engine/Plugins/Experimental/StructBox/StructBox.uplugin
LogPluginManager: Loaded Plugin AndroidMedia, From C:/Program Files/Epic Games/4.14/Engine/Plugins/Media/AndroidMedia/AndroidMedia.uplugin
LogPluginManager: Loaded Plugin AvfMedia, From C:/Program Files/Epic Games/4.14/Engine/Plugins/Media/AvfMedia/AvfMedia.uplugin
LogPluginManager: Loaded Plugin MediaPlayerEditor, From C:/Program Files/Epic Games/4.14/Engine/Plugins/Media/MediaPlayerEditor/MediaPlayerEditor.uplugin
LogPluginManager: Loaded Plugin WmfMedia, From C:/Program Files/Epic Games/4.14/Engine/Plugins/Media/WmfMedia/WmfMedia.uplugin
LogPluginManager: Loaded Plugin MessagingDebugger, From C:/Program Files/Epic Games/4.14/Engine/Plugins/Messaging/MessagingDebugger/MessagingDebugger.uplugin
LogPluginManager: Loaded Plugin TcpMessaging, From C:/Program Files/Epic Games/4.14/Engine/Plugins/Messaging/TcpMessaging/TcpMessaging.uplugin
LogPluginManager: Loaded Plugin UdpMessaging, From C:/Program Files/Epic Games/4.14/Engine/Plugins/Messaging/UdpMessaging/UdpMessaging.uplugin
LogPluginManager: Loaded Plugin LevelSequenceEditor, From C:/Program Files/Epic Games/4.14/Engine/Plugins/MovieScene/LevelSequenceEditor/LevelSequenceEditor.uplugin
LogPluginManager: Loaded Plugin MatineeToLevelSequence, From C:/Program Files/Epic Games/4.14/Engine/Plugins/MovieScene/MatineeToLevelSequence/MatineeToLevelSequence.uplugin
LogPluginManager: Loaded Plugin NetcodeUnitTest, From C:/Program Files/Epic Games/4.14/Engine/Plugins/NetcodeUnitTest/NetcodeUnitTest/NetcodeUnitTest.uplugin
LogPluginManager: Loaded Plugin NUTUnrealEngine4, From C:/Program Files/Epic Games/4.14/Engine/Plugins/NetcodeUnitTest/NUTUnrealEngine4/NUTUnrealEngine4.uplugin
LogPluginManager: Loaded Plugin OnlineSubsystemGameCircle, From C:/Program Files/Epic Games/4.14/Engine/Plugins/Online/Android/OnlineSubsystemGameCircle/OnlineSubsystemGameCircle.uplugin
LogPluginManager: Loaded Plugin OnlineSubsystemGooglePlay, From C:/Program Files/Epic Games/4.14/Engine/Plugins/Online/Android/OnlineSubsystemGooglePlay/OnlineSubsystemGooglePlay.uplugin
LogPluginManager: Loaded Plugin OnlineSubsystemIOS, From C:/Program Files/Epic Games/4.14/Engine/Plugins/Online/IOS/OnlineSubsystemIOS/OnlineSubsystemIOS.uplugin
LogPluginManager: Loaded Plugin OnlineFramework, From C:/Program Files/Epic Games/4.14/Engine/Plugins/Online/OnlineFramework/OnlineFramework.uplugin
LogPluginManager: Loaded Plugin OnlineSubsystem, From C:/Program Files/Epic Games/4.14/Engine/Plugins/Online/OnlineSubsystem/OnlineSubsystem.uplugin
LogPluginManager: Loaded Plugin OnlineSubsystemAmazon, From C:/Program Files/Epic Games/4.14/Engine/Plugins/Online/OnlineSubsystemAmazon/OnlineSubsystemAmazon.uplugin
LogPluginManager: Loaded Plugin OnlineSubsystemFacebook, From C:/Program Files/Epic Games/4.14/Engine/Plugins/Online/OnlineSubsystemFacebook/OnlineSubsystemFacebook.uplugin
LogPluginManager: Loaded Plugin OnlineSubsystemNull, From C:/Program Files/Epic Games/4.14/Engine/Plugins/Online/OnlineSubsystemNull/OnlineSubsystemNull.uplugin
LogPluginManager: Loaded Plugin OnlineSubsystemOculus, From C:/Program Files/Epic Games/4.14/Engine/Plugins/Online/OnlineSubsystemOculus/OnlineSubsystemOculus.uplugin
LogPluginManager: Loaded Plugin OnlineSubsystemSteam, From C:/Program Files/Epic Games/4.14/Engine/Plugins/Online/OnlineSubsystemSteam/OnlineSubsystemSteam.uplugin
LogPluginManager: Loaded Plugin OnlineSubsystemUtils, From C:/Program Files/Epic Games/4.14/Engine/Plugins/Online/OnlineSubsystemUtils/OnlineSubsystemUtils.uplugin
LogPluginManager: Loaded Plugin IOSTapJoy, From C:/Program Files/Epic Games/4.14/Engine/Plugins/Runtime/Advertising/IOSTapJoy/IOSTapJoy.uplugin
LogPluginManager: Loaded Plugin AnalyticsBlueprintLibrary, From C:/Program Files/Epic Games/4.14/Engine/Plugins/Runtime/Analytics/AnalyticsBlueprintLibrary/AnalyticsBlueprintLibrary.uplugin
LogPluginManager: Loaded Plugin AnalyticsMulticast, From C:/Program Files/Epic Games/4.14/Engine/Plugins/Runtime/Analytics/AnalyticsMulticast/AnalyticsMulticast.uplugin
LogPluginManager: Loaded Plugin Apsalar, From C:/Program Files/Epic Games/4.14/Engine/Plugins/Runtime/Analytics/Apsalar/Apsalar.uplugin
LogPluginManager: Loaded Plugin FileLogging, From C:/Program Files/Epic Games/4.14/Engine/Plugins/Runtime/Analytics/FileLogging/FileLogging.uplugin
LogPluginManager: Loaded Plugin Flurry, From C:/Program Files/Epic Games/4.14/Engine/Plugins/Runtime/Analytics/Flurry/Flurry.uplugin
LogPluginManager: Loaded Plugin AndroidDeviceProfileSelector, From C:/Program Files/Epic Games/4.14/Engine/Plugins/Runtime/AndroidDeviceProfileSelector/AndroidDeviceProfileSelector.uplugin
LogPluginManager: Loaded Plugin AndroidMoviePlayer, From C:/Program Files/Epic Games/4.14/Engine/Plugins/Runtime/AndroidMoviePlayer/AndroidMoviePlayer.uplugin
LogPluginManager: Loaded Plugin AppleMoviePlayer, From C:/Program Files/Epic Games/4.14/Engine/Plugins/Runtime/AppleMoviePlayer/AppleMoviePlayer.uplugin
LogPluginManager: Loaded Plugin ArchVisCharacter, From C:/Program Files/Epic Games/4.14/Engine/Plugins/Runtime/ArchVisCharacter/ArchVisCharacter.uplugin
LogPluginManager: Loaded Plugin CableComponent, From C:/Program Files/Epic Games/4.14/Engine/Plugins/Runtime/CableComponent/CableComponent.uplugin
LogPluginManager: Loaded Plugin CustomMeshComponent, From C:/Program Files/Epic Games/4.14/Engine/Plugins/Runtime/CustomMeshComponent/CustomMeshComponent.uplugin
LogPluginManager: Loaded Plugin ExampleDeviceProfileSelector, From C:/Program Files/Epic Games/4.14/Engine/Plugins/Runtime/ExampleDeviceProfileSelector/ExampleDeviceProfileSelector.uplugin
LogPluginManager: Loaded Plugin GearVR, From C:/Program Files/Epic Games/4.14/Engine/Plugins/Runtime/GearVR/GearVR.uplugin
LogPluginManager: Loaded Plugin GoogleVRController, From C:/Program Files/Epic Games/4.14/Engine/Plugins/Runtime/GoogleVR/GoogleVRController/GoogleVRController.uplugin
LogPluginManager: Loaded Plugin GoogleVRHMD, From C:/Program Files/Epic Games/4.14/Engine/Plugins/Runtime/GoogleVR/GoogleVRHMD/GoogleVRHMD.uplugin
LogPluginManager: Loaded Plugin IOSDeviceProfileSelector, From C:/Program Files/Epic Games/4.14/Engine/Plugins/Runtime/IOSDeviceProfileSelector/IOSDeviceProfileSelector.uplugin
LogPluginManager: Loaded Plugin LeapMotion, From C:/Program Files/Epic Games/4.14/Engine/Plugins/Runtime/LeapMotion/LeapMotion.uplugin
LogPluginManager: Loaded Plugin LinuxDeviceProfileSelector, From C:/Program Files/Epic Games/4.14/Engine/Plugins/Runtime/LinuxDeviceProfileSelector/LinuxDeviceProfileSelector.uplugin
LogPluginManager: Loaded Plugin MIDIDevice, From C:/Program Files/Epic Games/4.14/Engine/Plugins/Runtime/MIDIDevice/MIDIDevice.uplugin
LogPluginManager: Loaded Plugin MobilePatchingUtils, From C:/Program Files/Epic Games/4.14/Engine/Plugins/Runtime/MobilePatchingUtils/MobilePatchingUtils.uplugin
LogPluginManager: Loaded Plugin Ansel, From C:/Program Files/Epic Games/4.14/Engine/Plugins/Runtime/Nvidia/Ansel/Ansel.uplugin
LogPluginManager: Loaded Plugin OculusAudio, From C:/Program Files/Epic Games/4.14/Engine/Plugins/Runtime/OculusAudio/OculusAudio.uplugin
LogPluginManager: Loaded Plugin OculusInput, From C:/Program Files/Epic Games/4.14/Engine/Plugins/Runtime/OculusInput/OculusInput.uplugin
LogPluginManager: Loaded Plugin OculusLibrary, From C:/Program Files/Epic Games/4.14/Engine/Plugins/Runtime/OculusLibrary/OculusLibrary.uplugin
LogPluginManager: Loaded Plugin OculusRift, From C:/Program Files/Epic Games/4.14/Engine/Plugins/Runtime/OculusRift/OculusRift.uplugin
LogPluginManager: Loaded Plugin Oodle, From C:/Program Files/Epic Games/4.14/Engine/Plugins/Runtime/PacketHandlers/CompressionComponents/Oodle/Oodle.uplugin
LogPluginManager: Loaded Plugin ProceduralMeshComponent, From C:/Program Files/Epic Games/4.14/Engine/Plugins/Runtime/ProceduralMeshComponent/ProceduralMeshComponent.uplugin
LogPluginManager: Loaded Plugin SoundMod, From C:/Program Files/Epic Games/4.14/Engine/Plugins/Runtime/SoundMod/SoundMod.uplugin
LogPluginManager: Loaded Plugin SoundVisualizations, From C:/Program Files/Epic Games/4.14/Engine/Plugins/Runtime/SoundVisualizations/SoundVisualizations.uplugin
LogPluginManager: Loaded Plugin SteamController, From C:/Program Files/Epic Games/4.14/Engine/Plugins/Runtime/Steam/SteamController/SteamController.uplugin
LogPluginManager: Loaded Plugin SteamVR, From C:/Program Files/Epic Games/4.14/Engine/Plugins/Runtime/Steam/SteamVR/SteamVR.uplugin
LogPluginManager: Loaded Plugin WebBrowserWidget, From C:/Program Files/Epic Games/4.14/Engine/Plugins/Runtime/WebBrowserWidget/WebBrowserWidget.uplugin
LogPluginManager: Loaded Plugin WindowsDeviceProfileSelector, From C:/Program Files/Epic Games/4.14/Engine/Plugins/Runtime/WindowsDeviceProfileSelector/WindowsDeviceProfileSelector.uplugin
LogPluginManager: Loaded Plugin WindowsMoviePlayer, From C:/Program Files/Epic Games/4.14/Engine/Plugins/Runtime/WindowsMoviePlayer/WindowsMoviePlayer.uplugin
LogPluginManager: Loaded Plugin ScriptPlugin, From C:/Program Files/Epic Games/4.14/Engine/Plugins/ScriptPlugin/ScriptPlugin.uplugin
LogPluginManager: Loaded Plugin SlateRemote, From C:/Program Files/Epic Games/4.14/Engine/Plugins/Slate/SlateRemote/SlateRemote.uplugin
LogPluginManager: Loaded Plugin EditorTests, From C:/Program Files/Epic Games/4.14/Engine/Plugins/Tests/EditorTests/EditorTests.uplugin
LogPluginManager: Loaded Plugin FbxAutomationTestBuilder, From C:/Program Files/Epic Games/4.14/Engine/Plugins/Tests/FbxAutomationTestBuilder/FbxAutomationTestBuilder.uplugin
LogPluginManager: Loaded Plugin FunctionalTestingEditor, From C:/Program Files/Epic Games/4.14/Engine/Plugins/Tests/FunctionalTestingEditor/FunctionalTestingEditor.uplugin
LogPluginManager: Loaded Plugin RuntimeTests, From C:/Program Files/Epic Games/4.14/Engine/Plugins/Tests/RuntimeTests/RuntimeTests.uplugin
LogPluginManager: Loaded Plugin ScreenshotTools, From C:/Program Files/Epic Games/4.14/Engine/Plugins/Tests/ScreenshotTools/ScreenshotTools.uplugin
LogInit: Using libcurl 7.47.1
LogInit:  - built for x86_64-pc-win32
LogInit:  - supports SSL with OpenSSL/1.0.2g
LogInit:  - supports HTTP deflate (compression) using libz 1.2.8
LogInit:  - other features:
LogInit:      CURL_VERSION_SSL
LogInit:      CURL_VERSION_LIBZ
LogInit:      CURL_VERSION_IPV6
LogInit:      CURL_VERSION_ASYNCHDNS
LogInit:      CURL_VERSION_LARGEFILE
LogInit:      CURL_VERSION_IDN
LogInit:  CurlRequestOptions (configurable via config and command line):
LogInit:  - bVerifyPeer = false  - Libcurl will NOT verify peer certificate
LogInit:  - bUseHttpProxy = false  - Libcurl will NOT use HTTP proxy
LogInit:  - bDontReuseConnections = false  - Libcurl will reuse connections
LogInit:  - CertBundlePath = nullptr  - Libcurl will use whatever was configured at build time.
LogInit: Build: ++UE4+Release-4.14-CL-3249277
LogInit: Engine Version: 4.14.3-3249277+++UE4+Release-4.14
LogInit: Compatible Engine Version: 4.14.0-3195953+++UE4+Release-4.14
LogInit: Net CL: 3195953
LogDevObjectVersion: Number of dev versions registered: 13
LogDevObjectVersion:   Dev-Blueprints (B0D832E4-1F89-4F0D-ACCF-7EB736FD4AA2): 7
LogDevObjectVersion:   Dev-Build (E1C64328-A22C-4D53-A36C-8E866417BD8C): 0
LogDevObjectVersion:   Dev-Core (375EC13C-06E4-48FB-B500-84F0262A717E): 1
LogDevObjectVersion:   Dev-Editor (E4B068ED-F494-42E9-A231-DA0B2E46BB41): 8
LogDevObjectVersion:   Dev-Framework (CFFC743F-43B0-4480-9391-14DF171D2073): 17
LogDevObjectVersion:   Dev-Mobile (B02B49B5-BB20-44E9-A304-32B752E40360): 0
LogDevObjectVersion:   Dev-Networking (A4E4105C-59A1-49B5-A7C5-40C4547EDFEE): 0
LogDevObjectVersion:   Dev-Online (39C831C9-5AE6-47DC-9A44-9C173E1C8E7C): 0
LogDevObjectVersion:   Dev-Physics (78F01B33-EBEA-4F98-B9B4-84EACCB95AA2): 0
LogDevObjectVersion:   Dev-Platform (6631380F-2D4D-43E0-8009-CF276956A95A): 0
LogDevObjectVersion:   Dev-Rendering (12F88B9F-8875-4AFC-A67C-D90C383ABD29): 12
LogDevObjectVersion:   Dev-Sequencer (7B5AE74C-D270-4C10-A958-57980B212A5A): 1
LogDevObjectVersion:   Dev-VR (D7296918-1DD6-4BDD-9DE2-64A83CC13884): 0
LogInit: Compiled (64-bit): Jan  6 2017 10:49:43
LogInit: Compiled with Visual C++: 19.00.23026.00
LogInit: Build Configuration: Development
LogInit: Branch Name: ++UE4+Release-4.14
LogInit: Command line:  
LogInit: Base directory: C:/Program Files/Epic Games/4.14/Engine/Binaries/Win64/
LogInit: Installed Engine Build: 1
LogInit: Presizing for max 8388607 objects, including 0 objects not considered by GC, pre-allocating 0 bytes for permanent pool.
LogInit: Object subsystem initialized
[2017.04.19-16.14.59:888][  0]LogInit: Selected Device Profile: [Windows]
[2017.04.19-16.14.59:888][  0]LogInit: Applying CVar settings loaded from the selected device profile: [Windows]
[2017.04.19-16.14.59:976][  0]LogInit: Computer: TOPHER_LAPTOP
[2017.04.19-16.14.59:976][  0]LogInit: User: christopher
[2017.04.19-16.14.59:976][  0]LogInit: CPU Page size=65536, Cores=4
[2017.04.19-16.14.59:976][  0]LogInit: High frequency timer resolution =2.533198 MHz
[2017.04.19-16.14.59:976][  0]LogMemory: Memory total: Physical=11.9GB (12GB approx)
[2017.04.19-16.14.59:976][  0]LogMemory: Platform Memory Stats for Windows
[2017.04.19-16.14.59:976][  0]LogMemory: Process Physical Memory: 264.15 MB used, 264.15 MB peak
[2017.04.19-16.14.59:976][  0]LogMemory: Process Virtual Memory: 262.79 MB used, 262.79 MB peak
[2017.04.19-16.14.59:976][  0]LogMemory: Physical Memory: 6627.53 MB used,  5578.28 MB free, 12205.81 MB total
[2017.04.19-16.14.59:976][  0]LogMemory: Virtual Memory: 676.63 MB used,  5578.28 MB free, 134217728.00 MB total
[2017.04.19-16.15.00:239][  0]LogTextLocalizationManager: No specific translations for ('en-US') exist, so ('en') translations will be used.
[2017.04.19-16.15.08:548][  0]LogD3D11RHI: D3D11 adapters:
[2017.04.19-16.15.09:157][  0]LogD3D11RHI:    0. 'NVIDIA GeForce GTX 960M' (Feature Level 11_0)
[2017.04.19-16.15.09:157][  0]LogD3D11RHI:       2019/0/6102 MB DedicatedVideo/DedicatedSystem/SharedSystem, Outputs:1, VendorId:0x10de
[2017.04.19-16.15.09:163][  0]LogD3D11RHI:    1. 'Intel(R) HD Graphics 4600' (Feature Level 11_0)
[2017.04.19-16.15.09:163][  0]LogD3D11RHI:       112/0/2048 MB DedicatedVideo/DedicatedSystem/SharedSystem, Outputs:0, VendorId:0x8086
[2017.04.19-16.15.09:164][  0]LogD3D11RHI:    2. 'Microsoft Basic Render Driver' (Feature Level 11_0)
[2017.04.19-16.15.09:164][  0]LogD3D11RHI:       0/0/6102 MB DedicatedVideo/DedicatedSystem/SharedSystem, Outputs:0, VendorId:0x1414
[2017.04.19-16.15.09:164][  0]LogD3D11RHI: Chosen D3D11 Adapter: 0
[2017.04.19-16.15.09:170][  0]LogD3D11RHI: Creating new Direct3DDevice
[2017.04.19-16.15.09:170][  0]LogD3D11RHI:     GPU DeviceId: 0x139b (for the marketing name, search the web for "GPU Device Id")
[2017.04.19-16.15.09:170][  0]LogWindows: EnumDisplayDevices:
[2017.04.19-16.15.09:170][  0]LogWindows:    0. 'Intel(R) HD Graphics 4600' (P:1 D:1)
[2017.04.19-16.15.09:170][  0]LogWindows:    1. 'Intel(R) HD Graphics 4600' (P:0 D:0)
[2017.04.19-16.15.09:170][  0]LogWindows:    2. 'Intel(R) HD Graphics 4600' (P:0 D:0)
[2017.04.19-16.15.09:170][  0]LogWindows: DebugString: PrimaryIsNotTheChoosenAdapter PrimaryIsNotTheChoosenAdapter PrimaryIsNotTheChoosenAdapter FoundDriverCount:0 
[2017.04.19-16.15.09:170][  0]LogD3D11RHI:     Adapter Name: NVIDIA GeForce GTX 960M
[2017.04.19-16.15.09:170][  0]LogD3D11RHI:   Driver Version: Unknown (internal:Unknown, unified:Unknown)
[2017.04.19-16.15.09:170][  0]LogD3D11RHI:      Driver Date: Unknown
[2017.04.19-16.15.09:170][  0]LogRHI: Texture pool is 1361 MB (70% of 1945 MB)
[2017.04.19-16.15.09:721][  0]LogD3D11RHI: Async texture creation enabled
[2017.04.19-16.15.09:758][  0]LogD3D11RHI: GPU Timing Frequency: 1000.000000 (Debug: 2 1)
[2017.04.19-16.15.09:758][  0]LogShaderCompilers: Guid format shader working directory is -25 characters bigger than the processId version (../../../../../../Users/christopher/Documents/Unreal Projects/NetZeroGravity/Intermediate/Shaders/WorkingDirectory/14816/).
[2017.04.19-16.15.09:758][  0]LogShaderCompilers: Cleaned the shader compiler working directory 'C:/Users/christopher/AppData/Local/Temp/UnrealShaderWorkingDir/26F2D0D04A03B590F1B7C48A4A123FC3/'.
[2017.04.19-16.15.09:758][  0]LogShaderCompilers:Display: Using Local Shader Compiler.
[2017.04.19-16.15.14:769][  0]LogTemp:Display: Loaded TP AllDesktopTargetPlatform
[2017.04.19-16.15.14:823][  0]LogTemp:Display: Loaded TP MacClientTargetPlatform
[2017.04.19-16.15.14:876][  0]LogTemp:Display: Loaded TP MacNoEditorTargetPlatform
[2017.04.19-16.15.14:930][  0]LogTemp:Display: Loaded TP MacServerTargetPlatform
[2017.04.19-16.15.14:995][  0]LogTemp:Display: Loaded TP MacTargetPlatform
[2017.04.19-16.15.15:051][  0]LogTemp:Display: Loaded TP WindowsClientTargetPlatform
[2017.04.19-16.15.15:108][  0]LogTemp:Display: Loaded TP WindowsNoEditorTargetPlatform
[2017.04.19-16.15.15:169][  0]LogTemp:Display: Loaded TP WindowsServerTargetPlatform
[2017.04.19-16.15.15:212][  0]LogTemp:Display: Loaded TP WindowsTargetPlatform
[2017.04.19-16.15.15:287][  0]LogTemp:Display: Loaded TP AndroidTargetPlatform
[2017.04.19-16.15.15:339][  0]LogTemp:Display: Loaded TP Android_ASTCTargetPlatform
[2017.04.19-16.15.15:392][  0]LogTemp:Display: Loaded TP Android_ATCTargetPlatform
[2017.04.19-16.15.15:445][  0]LogTemp:Display: Loaded TP Android_DXTTargetPlatform
[2017.04.19-16.15.15:498][  0]LogTemp:Display: Loaded TP Android_ETC1TargetPlatform
[2017.04.19-16.15.15:550][  0]LogTemp:Display: Loaded TP Android_ETC2TargetPlatform
[2017.04.19-16.15.15:657][  0]LogTemp:Display: Loaded TP Android_MultiTargetPlatform
[2017.04.19-16.15.15:657][  0]LogTemp:Display: Loaded TP Android_PVRTCTargetPlatform
[2017.04.19-16.15.15:695][  0]LogTemp:Display: Loaded TP HTML5TargetPlatform
[2017.04.19-16.15.15:796][  0]LogTemp:Display: Loaded TP IOSTargetPlatform
[2017.04.19-16.15.15:830][  0]LogTemp:Display: Loaded TP TVOSTargetPlatform
[2017.04.19-16.15.15:886][  0]LogTemp:Display: Loaded TP LinuxClientTargetPlatform
[2017.04.19-16.15.15:939][  0]LogTemp:Display: Loaded TP LinuxNoEditorTargetPlatform
[2017.04.19-16.15.15:990][  0]LogTemp:Display: Loaded TP LinuxServerTargetPlatform
[2017.04.19-16.15.16:061][  0]LogTemp:Display: Loaded TP LinuxTargetPlatform
[2017.04.19-16.15.16:061][  0]LogTargetPlatformManager:Display: Building Assets For Windows
[2017.04.19-16.15.16:466][  0]LogDerivedDataCache:Display: Max Cache Size: 512 MB
[2017.04.19-16.15.18:415][  0]LogDerivedDataCache: Loaded boot cache 1.95s 50MB C:/Users/christopher/AppData/Local/UnrealEngine/4.14/DerivedDataCache/Boot.ddc.
[2017.04.19-16.15.18:415][  0]LogDerivedDataCache:Display: Loaded Boot cache: C:/Users/christopher/AppData/Local/UnrealEngine/4.14/DerivedDataCache/Boot.ddc
[2017.04.19-16.15.18:415][  0]LogDerivedDataCache: FDerivedDataBackendGraph:  Pak pak cache file ../../../../../../Users/christopher/Documents/Unreal Projects/NetZeroGravity/DerivedDataCache/DDC.ddp not found, will not use a pak cache.
[2017.04.19-16.15.18:415][  0]LogDerivedDataCache: Unable to find inner node Pak for hierarchical cache Hierarchy.
[2017.04.19-16.15.18:415][  0]LogDerivedDataCache: FDerivedDataBackendGraph:  CompressedPak pak cache file ../../../../../../Users/christopher/Documents/Unreal Projects/NetZeroGravity/DerivedDataCache/Compressed.ddp not found, will not use a pak cache.
[2017.04.19-16.15.18:415][  0]LogDerivedDataCache: Unable to find inner node CompressedPak for hierarchical cache Hierarchy.
[2017.04.19-16.15.18:431][  0]LogDerivedDataCache:Display: Pak cache opened for reading ../../../Engine/DerivedDataCache/Compressed.ddp.
[2017.04.19-16.15.18:445][  0]LogDerivedDataCache: Using Local data cache path C:/Users/christopher/AppData/Local/UnrealEngine/Common/DerivedDataCache: Writable
[2017.04.19-16.15.18:675][  0]LogInit: Selected Device Profile: [Windows]
[2017.04.19-16.15.18:678][  0]LogContentStreaming: Texture pool size is 0.00 MB
[2017.04.19-16.15.18:885][  0]LogMeshUtilities: Using QuadricMeshReduction for automatic static mesh reduction
[2017.04.19-16.15.18:929][  0]LogSimplygon: Simplygon DLL not present - disabling.
[2017.04.19-16.15.18:984][  0]LogMeshUtilities: Using SimplygonSwarm for distributed automatic mesh merging
[2017.04.19-16.15.18:984][  0]LogMeshUtilities: No automatic skeletal mesh reduction module available
[2017.04.19-16.15.18:984][  0]LogMeshUtilities: No automatic mesh merging module available
[2017.04.19-16.15.19:577][  0]LogNetVersion: GetLocalNetworkVersion: CL: 3195953, ProjectName: netzerogravity, ProjectVersion: , EngineNetworkVersion: 2, GameNetworkVersion: 0, NetworkChecksum: 3161190877
[2017.04.19-16.15.19:631][  0]LogAssetRegistry: FAssetRegistry took 0.0219 seconds to start up
[2017.04.19-16.15.19:688][  0]LogPackageLocalizationCache: Processed 3 localized package path(s) for 2 prioritized culture(s) in 0.030130 seconds
[2017.04.19-16.15.19:694][  0]LogUObjectArray: 31946 objects as part of root set at end of initial load.
[2017.04.19-16.15.19:694][  0]LogUObjectAllocator: 6935840 out of 0 bytes used by permanent object pool.
[2017.04.19-16.15.19:694][  0]LogUObjectArray: CloseDisregardForGC: 0/0 objects in disregard for GC pool
[2017.04.19-16.15.19:755][  0]LogInit: WinSock: version 1.1 (2.2), MaxSocks=32767, MaxUdp=65467
[2017.04.19-16.15.20:654][  0]LogSlate: Using Freetype 2.6.0
[2017.04.19-16.15.20:679][  0]LogSlate: SlateFontCache - WITH_FREETYPE: 1, WITH_HARFBUZZ: 1
[2017.04.19-16.15.20:679][  0]LogSlate: SlateFontCache - WITH_FREETYPE: 1, WITH_HARFBUZZ: 1
[2017.04.19-16.15.46:457][  0]LogTcpMessaging: Initializing TcpMessaging bridge
[2017.04.19-16.15.46:501][  0]LogUdpMessaging: Initializing bridge on interface 0.0.0.0:0 to multicast group 230.0.0.1:6666.
[2017.04.19-16.15.47:770][  0]LogMaterial: Uniform references updated for custom material expression Custom.
[2017.04.19-16.15.48:575][  0]SourceControl: Info Source control is disabled
[2017.04.19-16.15.48:640][  0]SourceControl: Info Source control is disabled
[2017.04.19-16.15.48:693][  0]SourceControl: Info Source control is disabled
[2017.04.19-16.15.48:743][  0]SourceControl: Info Source control is disabled
[2017.04.19-16.15.50:592][  0]LogEngine: Initializing Engine...
[2017.04.19-16.15.50:593][  0]LogHMD: Failed to initialize OpenVR with code 110
[2017.04.19-16.15.50:832][  0]LogAIModule: Creating AISystem for world Untitled
[2017.04.19-16.15.50:838][  0]LogInit: XAudio2 using 'Speakers (Realtek High Definition Audio)' : 2 channels at 48 kHz using 32 bits per sample (channel mask 0x3)
[2017.04.19-16.15.50:902][  0]LogInit: FAudioDevice initialized.
[2017.04.19-16.15.50:930][  0]LogDerivedDataCache: Saved boot cache 0.03s 50MB C:/Users/christopher/AppData/Local/UnrealEngine/4.14/DerivedDataCache/Boot.ddc.
[2017.04.19-16.15.50:938][  0]LogInit: Texture streaming: Enabled
[2017.04.19-16.15.51:113][  0]LogInit: Transaction tracking system initialized
[2017.04.19-16.15.51:445][  0]BlueprintLog: New page: Editor Load
[2017.04.19-16.15.52:346][  0]LocalizationService: Info Localization service is disabled
[2017.04.19-16.15.54:915][  0]LogConsoleResponse:Display: 
[2017.04.19-16.15.55:403][  0]LogCook:Display: Max memory allowance for cook 16384mb min free memory 0mb
[2017.04.19-16.15.55:403][  0]LogCook:Display: Mobile HDR setting 1
[2017.04.19-16.15.56:355][  0]LogFileCache: Scanning file cache for directory 'C:/Users/christopher/Documents/Unreal Projects/NetZeroGravity/Content/' took 0.01s
[2017.04.19-16.15.56:980][  0]SourceControl: Info Source control is disabled
[2017.04.19-16.15.56:980][  0]Cmd: MAP LOAD FILE="../../../Engine/Content/Maps/Templates/Template_Default.umap" TEMPLATE=1 SHOWPROGRESS=1 FEATURELEVEL=3
[2017.04.19-16.15.57:011][  0]LightingResults: New page: Lighting Build
[2017.04.19-16.15.57:056][  0]MapCheck: New page: Map Check
[2017.04.19-16.15.57:056][  0]LightingResults: New page: Lighting Build
[2017.04.19-16.15.58:530][  0]LogAIModule: Creating AISystem for world Untitled_1
[2017.04.19-16.15.58:532][  0]LogActorComponent: RegisterComponentWithWorld: (/Temp/Untitled_1.Untitled_1:PersistentLevel.WorldSettings_1.StaticMeshComponent0) Trying to register component with IsPendingKill() == true. Aborting.
[2017.04.19-16.15.58:706][  0]LogEditorServer: Finished looking for orphan Actors (0.000 secs)
[2017.04.19-16.15.58:709][  0]Cmd: MAP CHECKDEP NOCLEARLOG
[2017.04.19-16.15.58:749][  0]MapCheck: Info Map check complete: 0 Error(s), 0 Warning(s), took 39.843ms to complete.
[2017.04.19-16.15.58:749][  0]LogFileHelpers: Loading map 'Template_Default' took 1.769
[2017.04.19-16.15.59:032][  0]LogCollectionManager: Loaded 0 collections in 0.001770 seconds
[2017.04.19-16.15.59:115][  0]LogFileCache: Scanning file cache for directory 'C:/Users/christopher/Documents/Unreal Projects/NetZeroGravity/Saved/Collections/' took 0.01s
[2017.04.19-16.15.59:115][  0]LogFileCache: Scanning file cache for directory 'C:/Users/christopher/Documents/Unreal Projects/NetZeroGravity/Content/Developers/christopher/Collections/' took 0.01s
[2017.04.19-16.15.59:115][  0]LogFileCache: Scanning file cache for directory 'C:/Users/christopher/Documents/Unreal Projects/NetZeroGravity/Content/Collections/' took 0.01s
[2017.04.19-16.15.59:115][  0]LogCollectionManager: Rebuilt the GUID cache for 0 collections in 0.000002 seconds
[2017.04.19-16.15.59:125][  0]LogContentBrowser: Native class hierarchy populated in 0.0100 seconds. Added 2193 classes and 430 folders.
[2017.04.19-16.15.59:172][  0]LogStats: UGameplayTagsManager::ConstructGameplayTagTree: Construct from data asset -  0.000 s
[2017.04.19-16.15.59:172][  0]LogStats: UGameplayTagsManager::ConstructGameplayTagTree: GameplayTagTreeChangedEvent.Broadcast -  0.000 s
[2017.04.19-16.15.59:175][  0]LogContentBrowser: Native class hierarchy updated for 'GameplayTags' in 0.0022 seconds. Added 13 classes and 0 folders.
[2017.04.19-16.15.59:257][  0]LogContentBrowser: Native class hierarchy updated for 'WidgetCarousel' in 0.0017 seconds. Added 0 classes and 0 folders.
[2017.04.19-16.16.00:465][  0]LogContentBrowser: Native class hierarchy updated for 'AddContentDialog' in 0.0019 seconds. Added 0 classes and 0 folders.
[2017.04.19-16.16.00:512][  0]LogContentBrowser: Native class hierarchy updated for 'SceneOutliner' in 0.0018 seconds. Added 1 classes and 2 folders.
[2017.04.19-16.16.00:594][  0]LogCrashTracker: Crashtracker disabled due to settings.
[2017.04.19-16.16.00:599][  0]LogUObjectGlobals:Warning: Failed to find object 'Class None.'
[2017.04.19-16.16.00:681][  0]LogContentBrowser: Native class hierarchy updated for 'HierarchicalLODOutliner' in 0.0018 seconds. Added 1 classes and 2 folders.
[2017.04.19-16.16.00:681][  0]LogLoad: (Engine Initialization) Total time: 63.75 seconds
[2017.04.19-16.16.00:681][  0]LogLoad: (Engine Initialization) Total Blueprint compile time: 0.19 seconds
[2017.04.19-16.16.00:681][  0]LogExternalProfiler: Found external profiler: VSPerf
[2017.04.19-16.16.00:681][  0]LogExternalProfiler: Using external profiler: VSPerf
[2017.04.19-16.16.00:698][  0]LogOcInput: OculusInput pre-init called
[2017.04.19-16.16.00:717][  0]LogContentStreaming: Texture pool size now 1000 MB
[2017.04.19-16.16.01:009][  0]LogRenderer: Reallocating scene render targets to support 1132x596 NumSamples 1 (Frame:2).
[2017.04.19-16.16.01:081][  1]LogAssetRegistry: Asset discovery search completed in 41.4724 seconds
[2017.04.19-16.16.01:081][  1]LogCollectionManager: Rebuilt the object cache for 0 collections in 0.000000 seconds (found 0 objects)
[2017.04.19-16.16.01:081][  1]LogCollectionManager: Fixed up redirectors for 0 collections in 0.000014 seconds (updated 0 objects)
[2017.04.19-16.16.05:896][245]ImportText (/Script/Engine.Actor:K2_SetActorLocationAndRotation.NewRotation): Missing opening parenthesis: 
[2017.04.19-16.16.05:900][245]ImportText (/Script/Engine.Actor:K2_SetActorLocationAndRotation.NewRotation): Missing opening parenthesis: 
[2017.04.19-16.16.06:079][245]LogLinker:Warning: CreateExport: Failed to load Parent for BlueprintGeneratedClass /Game/Blueprints/MyEnemyForwardMovement.MyEnemyForwardMovement_C
[2017.04.19-16.16.06:080][245]LogLinker:Warning: CreateExport: Failed to load Parent for BlueprintGeneratedClass /Game/Blueprints/MyEnemyForwardMovement.MyEnemyForwardMovement_C
[2017.04.19-16.16.06:080][245]LogLinker:Warning: CreateExport: Failed to load Parent for BlueprintGeneratedClass /Game/Blueprints/MyEnemyForwardMovement.MyEnemyForwardMovement_C
[2017.04.19-16.16.06:080][245]LogLinker:Warning: CreateExport: Failed to load Parent for BlueprintGeneratedClass /Game/Blueprints/MyEnemyForwardMovement.MyEnemyForwardMovement_C
[2017.04.19-16.16.06:080][245]LogLinker:Warning: CreateExport: Failed to load Parent for BlueprintGeneratedClass /Game/Blueprints/MyEnemyForwardMovement.MyEnemyForwardMovement_C
[2017.04.19-16.16.06:080][245]LogLinker:Warning: CreateExport: Failed to load Parent for BlueprintGeneratedClass /Game/Blueprints/MyEnemyForwardMovement.MyEnemyForwardMovement_C
[2017.04.19-16.16.06:120][245]LogLinker:Warning: CreateExport: Failed to load Parent for BlueprintGeneratedClass /Game/Blueprints/MyMoveLevelForward.MyMoveLevelForward_C
[2017.04.19-16.16.06:120][245]LogLinker:Warning: CreateExport: Failed to load Parent for BlueprintGeneratedClass /Game/Blueprints/MyMoveLevelForward.MyMoveLevelForward_C
[2017.04.19-16.16.06:120][245]LogLinker:Warning: CreateExport: Failed to load Parent for BlueprintGeneratedClass /Game/Blueprints/MyMoveLevelForward.MyMoveLevelForward_C
[2017.04.19-16.16.06:120][245]LogLinker:Warning: CreateExport: Failed to load Parent for BlueprintGeneratedClass /Game/Blueprints/MyMoveLevelForward.MyMoveLevelForward_C
[2017.04.19-16.16.06:120][245]LogLinker:Warning: CreateExport: Failed to load Parent for BlueprintGeneratedClass /Game/Blueprints/MyMoveLevelForward.MyMoveLevelForward_C
[2017.04.19-16.16.06:120][245]LogLinker:Warning: CreateExport: Failed to load Parent for BlueprintGeneratedClass /Game/Blueprints/MyMoveLevelForward.MyMoveLevelForward_C
[2017.04.19-16.16.06:152][245]LogLinker:Warning: CreateExport: Failed to load Parent for BlueprintGeneratedClass /Game/Blueprints/MyEnemyForwardMovement.MyEnemyForwardMovement_C
[2017.04.19-16.16.06:152][245]LogLinker:Warning: CreateExport: Failed to load Parent for BlueprintGeneratedClass /Game/Blueprints/MyMoveLevelForward.MyMoveLevelForward_C
[2017.04.19-16.16.06:276][245]LogLinker:Warning: CreateExport: Failed to load Parent for BlueprintGeneratedClass /Game/Blueprints/MyEnemyForwardMovement.MyEnemyForwardMovement_C
[2017.04.19-16.16.06:276][245]LogLinker:Warning: CreateExport: Failed to load Parent for BlueprintGeneratedClass /Game/Blueprints/MyMoveLevelForward.MyMoveLevelForward_C
[2017.04.19-16.16.06:277][245]LogLinker:Warning: CreateExport: Failed to load Parent for BlueprintGeneratedClass /Game/Blueprints/MyEnemyForwardMovement.MyEnemyForwardMovement_C
[2017.04.19-16.16.06:277][245]LogLinker:Warning: CreateExport: Failed to load Parent for BlueprintGeneratedClass /Game/Blueprints/MyMoveLevelForward.MyMoveLevelForward_C
[2017.04.19-16.16.06:287][245]LogLinker:Warning: CreateExport: Failed to load Parent for BlueprintGeneratedClass /Game/Blueprints/MyEnemyForwardMovement.MyEnemyForwardMovement_C
[2017.04.19-16.16.06:287][245]LogLinker:Warning: CreateExport: Failed to load Parent for BlueprintGeneratedClass /Game/Blueprints/MyMoveLevelForward.MyMoveLevelForward_C
[2017.04.19-16.16.06:334][245]LogLinker:Warning: CreateExport: Failed to load Parent for BlueprintGeneratedClass /Game/Blueprints/MyMoveLevelForward.MyMoveLevelForward_C
[2017.04.19-16.16.06:334][245]LogLinker:Warning: CreateExport: Failed to load Parent for BlueprintGeneratedClass /Game/Blueprints/MyMoveLevelForward.MyMoveLevelForward_C
[2017.04.19-16.16.06:334][245]LogLinker:Warning: CreateExport: Failed to load Parent for BlueprintGeneratedClass /Game/Blueprints/MyEnemyForwardMovement.MyEnemyForwardMovement_C
[2017.04.19-16.16.06:334][245]LogLinker:Warning: CreateExport: Failed to load Parent for BlueprintGeneratedClass /Game/Blueprints/MyEnemyForwardMovement.MyEnemyForwardMovement_C
[2017.04.19-16.16.06:761][245]LogStaticMesh: Building static mesh Floor...
[2017.04.19-16.16.07:304][245]LogStaticMesh: Built static mesh [0.77s] /Game/Assets/Models/Floor.Floor
[2017.04.19-16.16.07:742][245]LogTexture:Display: Building textures: HQ_Lightmap1_1 (AutoDXT)
[2017.04.19-16.16.07:846][245]LogTexture:Display: Building textures: HQ_Lightmap1_2 (AutoDXT)
[2017.04.19-16.16.07:864][245]LogTexture:Display: Building textures: LQ_Lightmap_1_1 (DXT1)
[2017.04.19-16.16.07:900][245]LogTexture:Display: Building textures: LQ_Lightmap_1_2 (DXT1)
[2017.04.19-16.16.07:908][245]LogTexture:Display: Building textures: ShadowMapTexture2D_1 (G8)
[2017.04.19-16.16.07:909][245]LogTexture:Display: Building textures: ShadowMapTexture2D_2 (G8)
[2017.04.19-16.16.08:709][245]LogTexture:Display: Building textures: metallic (BGRA8)
[2017.04.19-16.16.08:789][245]LogTexture:Display: Building textures: trench_texture (BGRA8)
[2017.04.19-16.16.09:027][245]LogMaterial: Missing cached shader map for material trench_terrain_Mat, compiling. 
[2017.04.19-16.16.09:862][245]LogMaterial: Missing cached shader map for material trench_metal_Mat, compiling. 
[2017.04.19-16.16.09:874][245]LogAIModule: Creating AISystem for world DeathTrench
[2017.04.19-16.16.10:077][245]Cmd: MAP LOAD FILE="../../../../../../Users/christopher/Documents/Unreal Projects/NetZeroGravity/Content/Levels/DeathTrench.umap" TEMPLATE=0 SHOWPROGRESS=1 FEATURELEVEL=3
[2017.04.19-16.16.10:077][245]LightingResults: New page: Lighting Build
[2017.04.19-16.16.10:078][245]LoadErrors: New page: Loading map: DeathTrench.umap
[2017.04.19-16.16.10:109][245]MapCheck: New page: Map Check
[2017.04.19-16.16.10:109][245]LightingResults: New page: Lighting Build
[2017.04.19-16.16.10:433][245]LogEditorServer: Finished looking for orphan Actors (0.000 secs)
[2017.04.19-16.16.10:459][245]Cmd: MAP CHECKDEP NOCLEARLOG
[2017.04.19-16.16.10:511][245]MapCheck: Info Map check complete: 0 Error(s), 0 Warning(s), took 52.02ms to complete.
[2017.04.19-16.16.10:511][245]LogFileHelpers: Loading map 'DeathTrench' took 0.435
[2017.04.19-16.16.10:641][245]LoadErrors:Warning: Warning CreateExport: Failed to load Outer for resource 'DefaultSceneRoot': BlueprintGeneratedClass /Game/Blueprints/MyEnemyForwardMovement.MyEnemyForwardMovement_C
[2017.04.19-16.16.10:671][245]LoadErrors:Warning: Warning CreateExport: Failed to load Outer for resource 'UserConstructionScript': BlueprintGeneratedClass /Game/Blueprints/MyEnemyForwardMovement.MyEnemyForwardMovement_C
[2017.04.19-16.16.10:671][245]LoadErrors:Warning: Warning CreateExport: Failed to load Outer for resource 'DefaultSceneRoot_GEN_VARIABLE': BlueprintGeneratedClass /Game/Blueprints/MyEnemyForwardMovement.MyEnemyForwardMovement_C
[2017.04.19-16.16.10:671][245]LoadErrors:Warning: Warning CreateExport: Failed to load Outer for resource 'SimpleConstructionScript_0': BlueprintGeneratedClass /Game/Blueprints/MyEnemyForwardMovement.MyEnemyForwardMovement_C
[2017.04.19-16.16.10:671][245]LoadErrors:Warning: Warning CreateExport: Failed to load Outer for resource 'SCS_Node_0': SimpleConstructionScript /Game/Blueprints/MyEnemyForwardMovement.MyEnemyForwardMovement_C:SimpleConstructionScript_0
[2017.04.19-16.16.10:671][245]LoadErrors:Warning: Warning CreateExport: Failed to load Outer for resource 'DefaultSceneRoot': BlueprintGeneratedClass /Game/Blueprints/MyMoveLevelForward.MyMoveLevelForward_C
[2017.04.19-16.16.10:671][245]LoadErrors:Warning: Warning CreateExport: Failed to load Outer for resource 'UserConstructionScript': BlueprintGeneratedClass /Game/Blueprints/MyMoveLevelForward.MyMoveLevelForward_C
[2017.04.19-16.16.10:671][245]LoadErrors:Warning: Warning CreateExport: Failed to load Outer for resource 'DefaultSceneRoot_GEN_VARIABLE': BlueprintGeneratedClass /Game/Blueprints/MyMoveLevelForward.MyMoveLevelForward_C
[2017.04.19-16.16.10:671][245]LoadErrors:Warning: Warning CreateExport: Failed to load Outer for resource 'SimpleConstructionScript_0': BlueprintGeneratedClass /Game/Blueprints/MyMoveLevelForward.MyMoveLevelForward_C
[2017.04.19-16.16.10:671][245]LoadErrors:Warning: Warning CreateExport: Failed to load Outer for resource 'SCS_Node_0': SimpleConstructionScript /Game/Blueprints/MyMoveLevelForward.MyMoveLevelForward_C:SimpleConstructionScript_0
[2017.04.19-16.16.10:671][245]LoadErrors:Warning: Warning CreateExport: Failed to load Outer for resource 'DefaultSceneRoot': MyEnemyForwardMovement_C /Game/Levels/DeathTrench.DeathTrench:PersistentLevel.MyEnemyForwardMovement_86
[2017.04.19-16.16.10:671][245]LoadErrors:Warning: Warning CreateExport: Failed to load Outer for resource 'DefaultSceneRoot': MyMoveLevelForward_C /Game/Levels/DeathTrench.DeathTrench:PersistentLevel.MyMoveLevelForward_22
[2017.04.19-16.16.12:605][344]LogTemp: Repeting last play command: Selected Viewport
[2017.04.19-16.16.12:621][344]LogBlueprintUserMessages: Early PlayInEditor Detection: Level '/Game/Levels/DeathTrench.DeathTrench:PersistentLevel' has LevelScriptBlueprint '/Game/Levels/DeathTrench.DeathTrench:PersistentLevel.DeathTrench' with GeneratedClass '/Game/Levels/DeathTrench.DeathTrench_C' with ClassGeneratedBy '/Game/Levels/DeathTrench.DeathTrench:PersistentLevel.DeathTrench'
[2017.04.19-16.16.12:668][344]LogPlayLevel: PlayLevel: No blueprints needed recompiling
[2017.04.19-16.16.12:748][344]PIE: New page: PIE session: DeathTrench (Apr 19, 2017, 8:16:12 AM)
[2017.04.19-16.16.12:748][344]LogPlayLevel: Creating play world package: /Game/Levels/UEDPIE_1_DeathTrench
[2017.04.19-16.16.12:756][344]LogPlayLevel: PIE: StaticDuplicateObject took: (0.008154s)
[2017.04.19-16.16.12:757][344]LogAIModule: Creating AISystem for world DeathTrench
[2017.04.19-16.16.12:816][344]LogPlayLevel: PIE: World Init took: (0.059822s)
[2017.04.19-16.16.12:816][344]LogPlayLevel: PIE: Created PIE world by copying editor world from /Game/Levels/DeathTrench.DeathTrench to /Game/Levels/UEDPIE_1_DeathTrench.DeathTrench (0.068479s)
[2017.04.19-16.16.12:829][344]LogInit: XAudio2 using 'Speakers (Realtek High Definition Audio)' : 2 channels at 48 kHz using 32 bits per sample (channel mask 0x3)
[2017.04.19-16.16.12:857][344]LogInit: FAudioDevice initialized.
[2017.04.19-16.16.12:997][344]LogLoad: Game class is 'GameModeBase'
[2017.04.19-16.16.13:189][344]LogWorld: Bringing World /Game/Levels/UEDPIE_1_DeathTrench.DeathTrench up for play (max tick rate 60) at 2017.04.19-12.16.13
[2017.04.19-16.16.13:276][344]LogWorld: Bringing up level for play took: 0.088788
[2017.04.19-16.16.13:683][344]LogContentBrowser: Native class hierarchy updated for 'MovieSceneCapture' in 0.0025 seconds. Added 11 classes and 0 folders.
[2017.04.19-16.16.13:699][344]LogInit: WinSock: Socket queue 131072 / 131072
[2017.04.19-16.16.13:875][344]LogInit: WinSock: I am Topher_Laptop (192.168.1.8:0)
[2017.04.19-16.16.13:875][344]PacketHandlerLog: Loaded PacketHandler component: Engine.EngineHandlerComponentFactory (StatelessConnectHandlerComponent)
[2017.04.19-16.16.13:893][344]LogNet: GameNetDriver IpNetDriver_0 IpNetDriver listening on port 7777
[2017.04.19-16.16.14:024][344]PIE: Info Play in editor start time for /Game/Levels/UEDPIE_1_DeathTrench 1.932
[2017.04.19-16.16.14:026][344]PIE: New page: PIE session: DeathTrench (Apr 19, 2017, 8:16:14 AM)
[2017.04.19-16.16.14:091][344]LogNet: Browse: 127.0.0.1//Engine/Maps/Entry
[2017.04.19-16.16.14:091][344]LogInit: WinSock: Socket queue 32768 / 32768
[2017.04.19-16.16.14:112][344]PacketHandlerLog: Loaded PacketHandler component: Engine.EngineHandlerComponentFactory (StatelessConnectHandlerComponent)
[2017.04.19-16.16.14:112][344]LogNet: Game client on port 7777, rate 10000
[2017.04.19-16.16.14:114][344]LogNetVersion: GetLocalNetworkVersion: CL: 3195953, ProjectName: netzerogravity, ProjectVersion: 1.0.0.0, EngineNetworkVersion: 2, GameNetworkVersion: 0, NetworkChecksum: 3456468388
[2017.04.19-16.16.14:115][344]LogNet: UPendingNetGame::InitNetDriver: Sending hello. [UNetConnection] RemoteAddr: 127.0.0.1:7777, Name: IpConnection_0, Driver: PendingNetDriver IpNetDriver_1, IsServer: NO, PC: NULL, Owner: NULL
[2017.04.19-16.16.14:120][344]PIE: Info Play in editor start time for /Engine/Maps/Entry 2.028
[2017.04.19-16.16.14:126][344]LogBlueprintUserMessages: Late PlayInEditor Detection: Level '/Game/Levels/DeathTrench.DeathTrench:PersistentLevel' has LevelScriptBlueprint '/Game/Levels/DeathTrench.DeathTrench:PersistentLevel.DeathTrench' with GeneratedClass '/Game/Levels/DeathTrench.DeathTrench_C' with ClassGeneratedBy '/Game/Levels/DeathTrench.DeathTrench:PersistentLevel.DeathTrench'
[2017.04.19-16.16.14:131][344]LogHandshake: SendConnectChallenge. Timestamp: 0.016667, Cookie: 159028078020071161238078082045236248194218032208089046223212
[2017.04.19-16.16.14:260][344]LogHandshake: SendChallengeResponse. Timestamp: 0.016667, Cookie: 159028078020071161238078082045236248194218032208089046223212
[2017.04.19-16.16.14:402][345]LogNet: Server accepting post-challenge connection from: 127.0.0.1:54036
[2017.04.19-16.16.14:402][345]PacketHandlerLog: Loaded PacketHandler component: Engine.EngineHandlerComponentFactory (StatelessConnectHandlerComponent)
[2017.04.19-16.16.14:402][345]LogNet: NotifyAcceptedConnection: Name: DeathTrench, TimeStamp: 04/19/17 12:16:14, [UNetConnection] RemoteAddr: 127.0.0.1:54036, Name: IpConnection_1, Driver: GameNetDriver IpNetDriver_0, IsServer: YES, PC: NULL, Owner: NULL
[2017.04.19-16.16.14:402][345]LogNet: AddClientConnection: Added client connection: [UNetConnection] RemoteAddr: 127.0.0.1:54036, Name: IpConnection_1, Driver: GameNetDriver IpNetDriver_0, IsServer: YES, PC: NULL, Owner: NULL
[2017.04.19-16.16.14:556][346]LogNet: NotifyAcceptingChannel Control 0 server World /Game/Levels/UEDPIE_1_DeathTrench.DeathTrench: Accepted
[2017.04.19-16.16.14:556][346]LogNet: Remote platform little endian=1
[2017.04.19-16.16.14:556][346]LogNet: This platform little endian=1
[2017.04.19-16.16.14:572][347]LogNet: Login request: /Engine/Maps/Entry userId: Invalid
[2017.04.19-16.16.14:573][347]LogNet: Welcomed by server (Level: /Game/Levels/UEDPIE_1_DeathTrench, Game: /Script/Engine.GameModeBase)
[2017.04.19-16.16.14:573][347]LogLoad: LoadMap: 127.0.0.1//Game/Levels/UEDPIE_1_DeathTrench?game=/Script/Engine.GameModeBase
[2017.04.19-16.16.14:587][347]Cmd: MEM
[2017.04.19-16.16.14:668][347]LogMemory: Platform Memory Stats for Windows
[2017.04.19-16.16.14:668][347]LogMemory: Process Physical Memory: 1081.12 MB used, 1082.52 MB peak
[2017.04.19-16.16.14:668][347]LogMemory: Process Virtual Memory: 1443.91 MB used, 1445.47 MB peak
[2017.04.19-16.16.14:668][347]LogMemory: Physical Memory: 7567.20 MB used,  4638.61 MB free, 12205.81 MB total
[2017.04.19-16.16.14:668][347]LogMemory: Virtual Memory: 2265.43 MB used,  4638.61 MB free, 134217728.00 MB total
[2017.04.19-16.16.14:668][347]LogMemory: 
[2017.04.19-16.16.14:668][347]Allocator Stats for TBB: (not implemented)
[2017.04.19-16.16.14:676][347]LogAIModule: Creating AISystem for world DeathTrench
[2017.04.19-16.16.14:679][347]LogWorld: Bringing World /Game/Levels/UEDPIE_2_DeathTrench.DeathTrench up for play (max tick rate 60) at 2017.04.19-12.16.14
[2017.04.19-16.16.14:783][347]LogWorld: Bringing up level for play took: 0.105545
[2017.04.19-16.16.14:783][347]LogLoad: Took 0.210079 seconds to LoadMap(/Game/Levels/UEDPIE_1_DeathTrench)
[2017.04.19-16.16.14:802][348]LogRenderer: Reallocating scene render targets to support 1280x720 NumSamples 1 (Frame:340).
[2017.04.19-16.16.14:803][348]LogNet: Client netspeed is 10000
[2017.04.19-16.16.14:803][348]LogNet: Join request: /Engine/Maps/Entry?SplitscreenCount=1
[2017.04.19-16.16.14:885][348]LogNet: Join succeeded: 257
[2017.04.19-16.16.19:926][636]LogSynthBenchmark:Display: FSynthBenchmark (V0.95):  requested WorkScale=5.00
[2017.04.19-16.16.19:926][636]LogSynthBenchmark:Display: ===============
[2017.04.19-16.16.19:926][636]LogSynthBenchmark:Display: Main Processor:
[2017.04.19-16.16.20:147][636]LogSynthBenchmark:Display:          ... 0.022217 s/Run 'RayIntersect'
[2017.04.19-16.16.20:147][636]LogSynthBenchmark:Display:          ... 0.021922 s/Run 'Fractal'
[2017.04.19-16.16.20:147][636]LogSynthBenchmark:Display: 
[2017.04.19-16.16.20:147][636]LogSynthBenchmark:Display:   CompiledTarget_x_Bits: 64
[2017.04.19-16.16.20:147][636]LogSynthBenchmark:Display:   UE_BUILD_SHIPPING: 0
[2017.04.19-16.16.20:147][636]LogSynthBenchmark:Display:   UE_BUILD_TEST: 0
[2017.04.19-16.16.20:147][636]LogSynthBenchmark:Display:   UE_BUILD_DEBUG: 0
[2017.04.19-16.16.20:147][636]LogSynthBenchmark:Display:   TotalPhysicalGBRam: 12
[2017.04.19-16.16.20:147][636]LogSynthBenchmark:Display:   NumberOfCores (physical): 4
[2017.04.19-16.16.20:147][636]LogSynthBenchmark:Display:   NumberOfCores (logical): 8
[2017.04.19-16.16.20:147][636]LogSynthBenchmark:Display:   CPU Perf Index 0: 115.3 (weight 1.00)
[2017.04.19-16.16.20:147][636]LogSynthBenchmark:Display:   CPU Perf Index 1: 130.5 (weight 1.50)
[2017.04.19-16.16.20:147][636]LogSynthBenchmark:Display:  
[2017.04.19-16.16.20:147][636]LogSynthBenchmark:Display: Graphics:
[2017.04.19-16.16.20:147][636]LogSynthBenchmark:Display:   Adapter Name: 'NVIDIA GeForce GTX 960M'
[2017.04.19-16.16.20:147][636]LogSynthBenchmark:Display:   (On Optimus the name might be wrong, memory should be ok)
[2017.04.19-16.16.20:147][636]LogSynthBenchmark:Display:   Vendor Id: 0x10DE
[2017.04.19-16.16.20:147][636]LogSynthBenchmark:Display:   Device Id: 0x139B
[2017.04.19-16.16.20:147][636]LogSynthBenchmark:Display:   Device Revision: 0xA2
[2017.04.19-16.16.20:147][636]LogSynthBenchmark:Display:   GPU Memory: 2020/0/6103 MB
[2017.04.19-16.16.20:255][636]LogSynthBenchmark:Display:   GPU first test: 0.02s
[2017.04.19-16.16.20:255][636]LogSynthBenchmark:Display:          ... 2.127 s/GigaPix, Confidence=100% 'ALUHeavyNoise' (likely to be very inaccurate)
[2017.04.19-16.16.20:255][636]LogSynthBenchmark:Display:          ... 2.166 s/GigaPix, Confidence=100% 'TexHeavy' (likely to be very inaccurate)
[2017.04.19-16.16.20:255][636]LogSynthBenchmark:Display:          ... 1.551 s/GigaPix, Confidence=100% 'DepTexHeavy' (likely to be very inaccurate)
[2017.04.19-16.16.20:255][636]LogSynthBenchmark:Display:          ... 6.644 s/GigaPix, Confidence=89% 'FillOnly' (likely to be very inaccurate)
[2017.04.19-16.16.20:255][636]LogSynthBenchmark:Display:          ... 0.421 s/GigaPix, Confidence=100% 'Bandwidth' (likely to be very inaccurate)
[2017.04.19-16.16.20:255][636]LogSynthBenchmark:Display:          ... 3.026 s/GigaVert, Confidence=81% 'VertThroughPut1' (likely to be very inaccurate)
[2017.04.19-16.16.20:255][636]LogSynthBenchmark:Display:          ... 2.787 s/GigaVert, Confidence=100% 'VertThroughPut2' (likely to be very inaccurate)
[2017.04.19-16.16.20:362][636]LogSynthBenchmark:Display:   GPU second test: 0.05s
[2017.04.19-16.16.20:362][636]LogSynthBenchmark:Display:          ... 3.406 s/GigaPix, Confidence=100% 'ALUHeavyNoise' (likely to be inaccurate)
[2017.04.19-16.16.20:362][636]LogSynthBenchmark:Display:          ... 2.821 s/GigaPix, Confidence=100% 'TexHeavy' (likely to be inaccurate)
[2017.04.19-16.16.20:362][636]LogSynthBenchmark:Display:          ... 2.631 s/GigaPix, Confidence=100% 'DepTexHeavy' (likely to be inaccurate)
[2017.04.19-16.16.20:362][636]LogSynthBenchmark:Display:          ... 13.991 s/GigaPix, Confidence=100% 'FillOnly' (likely to be inaccurate)
[2017.04.19-16.16.20:362][636]LogSynthBenchmark:Display:          ... 0.447 s/GigaPix, Confidence=100% 'Bandwidth' (likely to be inaccurate)
[2017.04.19-16.16.20:362][636]LogSynthBenchmark:Display:          ... 1.382 s/GigaVert, Confidence=100% 'VertThroughPut1' (likely to be inaccurate)
[2017.04.19-16.16.20:362][636]LogSynthBenchmark:Display:          ... 1.546 s/GigaVert, Confidence=100% 'VertThroughPut2' (likely to be inaccurate)
[2017.04.19-16.16.23:231][636]LogSynthBenchmark:Display:   GPU third test: 2.81s
[2017.04.19-16.16.23:231][636]LogSynthBenchmark:Display:          ... 3.723 s/GigaPix, Confidence=100% 'ALUHeavyNoise'
[2017.04.19-16.16.23:231][636]LogSynthBenchmark:Display:          ... 2.950 s/GigaPix, Confidence=100% 'TexHeavy'
[2017.04.19-16.16.23:231][636]LogSynthBenchmark:Display:          ... 2.920 s/GigaPix, Confidence=100% 'DepTexHeavy'
[2017.04.19-16.16.23:231][636]LogSynthBenchmark:Display:          ... 15.632 s/GigaPix, Confidence=100% 'FillOnly'
[2017.04.19-16.16.23:231][636]LogSynthBenchmark:Display:          ... 0.447 s/GigaPix, Confidence=100% 'Bandwidth'
[2017.04.19-16.16.23:231][636]LogSynthBenchmark:Display:          ... 1.102 s/GigaVert, Confidence=100% 'VertThroughPut1'
[2017.04.19-16.16.23:231][636]LogSynthBenchmark:Display:          ... 1.467 s/GigaVert, Confidence=100% 'VertThroughPut2'
[2017.04.19-16.16.23:231][636]LogSynthBenchmark:Display:   GPU Final Results:
[2017.04.19-16.16.23:231][636]LogSynthBenchmark:Display:          ... 3.723 s/GigaPix, Confidence=100% 'ALUHeavyNoise'
[2017.04.19-16.16.23:231][636]LogSynthBenchmark:Display:          ... 2.950 s/GigaPix, Confidence=100% 'TexHeavy'
[2017.04.19-16.16.23:231][636]LogSynthBenchmark:Display:          ... 2.920 s/GigaPix, Confidence=100% 'DepTexHeavy'
[2017.04.19-16.16.23:231][636]LogSynthBenchmark:Display:          ... 15.632 s/GigaPix, Confidence=100% 'FillOnly'
[2017.04.19-16.16.23:231][636]LogSynthBenchmark:Display:          ... 0.447 s/GigaPix, Confidence=100% 'Bandwidth'
[2017.04.19-16.16.23:231][636]LogSynthBenchmark:Display:          ... 1.102 s/GigaVert, Confidence=100% 'VertThroughPut1'
[2017.04.19-16.16.23:231][636]LogSynthBenchmark:Display:          ... 1.467 s/GigaVert, Confidence=100% 'VertThroughPut2'
[2017.04.19-16.16.23:231][636]LogSynthBenchmark:Display: 
[2017.04.19-16.16.23:231][636]LogSynthBenchmark:Display:   GPU Perf Index 0: 80.9 (weight 1.00)
[2017.04.19-16.16.23:231][636]LogSynthBenchmark:Display:   GPU Perf Index 1: 39.6 (weight 0.10)
[2017.04.19-16.16.23:231][636]LogSynthBenchmark:Display:   GPU Perf Index 2: 75.9 (weight 0.10)
[2017.04.19-16.16.23:231][636]LogSynthBenchmark:Display:   GPU Perf Index 3: 61.4 (weight 3.00)
[2017.04.19-16.16.23:231][636]LogSynthBenchmark:Display:   GPU Perf Index 4: 41.7 (weight 1.00)
[2017.04.19-16.16.23:231][636]LogSynthBenchmark:Display:   GPU Perf Index 5: 71.7 (weight 0.00)
[2017.04.19-16.16.23:231][636]LogSynthBenchmark:Display:   GPU Perf Index 6: 83.0 (weight 0.00)
[2017.04.19-16.16.23:231][636]LogSynthBenchmark:Display:   CPUIndex: 124.4
[2017.04.19-16.16.23:231][636]LogSynthBenchmark:Display:   GPUIndex: 61.2
[2017.04.19-16.16.23:231][636]LogSynthBenchmark:Display: 
[2017.04.19-16.16.23:231][636]LogSynthBenchmark:Display:          ... Total Time: 3.305092 sec
[2017.04.19-16.16.25:894][760]LogBlueprintUserMessages: Early EndPlayMap Detection: Level '/Game/Levels/DeathTrench.DeathTrench:PersistentLevel' has LevelScriptBlueprint '/Game/Levels/DeathTrench.DeathTrench:PersistentLevel.DeathTrench' with GeneratedClass '/Game/Levels/DeathTrench.DeathTrench_C' with ClassGeneratedBy '/Game/Levels/DeathTrench.DeathTrench:PersistentLevel.DeathTrench'
[2017.04.19-16.16.26:003][760]LogBlueprintUserMessages: Late EndPlayMap Detection: Level '/Game/Levels/DeathTrench.DeathTrench:PersistentLevel' has LevelScriptBlueprint '/Game/Levels/DeathTrench.DeathTrench:PersistentLevel.DeathTrench' with GeneratedClass '/Game/Levels/DeathTrench.DeathTrench_C' with ClassGeneratedBy '/Game/Levels/DeathTrench.DeathTrench:PersistentLevel.DeathTrench'
[2017.04.19-16.16.26:012][760]LogNet: UChannel::CleanUp: ChIndex == 0. Closing connection. [UChannel] ChIndex: 0, Closing: 0 [UNetConnection] RemoteAddr: 127.0.0.1:54036, Name: IpConnection_1, Driver: GameNetDriver IpNetDriver_0, IsServer: YES, PC: None, Owner: None
[2017.04.19-16.16.26:012][760]LogNet: UNetConnection::Close: [UNetConnection] RemoteAddr: 127.0.0.1:54036, Name: IpConnection_1, Driver: GameNetDriver IpNetDriver_0, IsServer: YES, PC: None, Owner: None, Channels: 2, Time: 2017.04.19-16.16.26
[2017.04.19-16.16.26:012][760]LogNet: UChannel::Close: Sending CloseBunch. ChIndex == 0. Name: [UChannel] ChIndex: 0, Closing: 0 [UNetConnection] RemoteAddr: 127.0.0.1:54036, Name: IpConnection_1, Driver: GameNetDriver IpNetDriver_0, IsServer: YES, PC: None, Owner: None
[2017.04.19-16.16.26:012][760]LogNet: UChannel::CleanUp: ChIndex == 0. Closing connection. [UChannel] ChIndex: 0, Closing: 0 [UNetConnection] RemoteAddr: 127.0.0.1:7777, Name: IpConnection_0, Driver: GameNetDriver IpNetDriver_1, IsServer: NO, PC: None, Owner: None
[2017.04.19-16.16.26:012][760]LogNet: UNetConnection::Close: [UNetConnection] RemoteAddr: 127.0.0.1:7777, Name: IpConnection_0, Driver: GameNetDriver IpNetDriver_1, IsServer: NO, PC: None, Owner: None, Channels: 2, Time: 2017.04.19-16.16.26
[2017.04.19-16.16.26:012][760]LogNet: UChannel::Close: Sending CloseBunch. ChIndex == 0. Name: [UChannel] ChIndex: 0, Closing: 0 [UNetConnection] RemoteAddr: 127.0.0.1:7777, Name: IpConnection_0, Driver: GameNetDriver IpNetDriver_1, IsServer: NO, PC: None, Owner: None
[2017.04.19-16.16.26:017][760]LogExit: GameNetDriver None shut down
[2017.04.19-16.16.26:017][760]LogExit: GameNetDriver None shut down
[2017.04.19-16.16.29:221][948]LogEditorViewport: Clicking on Actor (LMB): FloorGrid_C (TrenchRight1)
[2017.04.19-16.16.34:719][208]LogTemp: Repeting last play command: Selected Viewport
[2017.04.19-16.16.34:733][208]LogBlueprintUserMessages: Early PlayInEditor Detection: Level '/Game/Levels/DeathTrench.DeathTrench:PersistentLevel' has LevelScriptBlueprint '/Game/Levels/DeathTrench.DeathTrench:PersistentLevel.DeathTrench' with GeneratedClass '/Game/Levels/DeathTrench.DeathTrench_C' with ClassGeneratedBy '/Game/Levels/DeathTrench.DeathTrench:PersistentLevel.DeathTrench'
[2017.04.19-16.16.34:733][208]LogPlayLevel: PlayLevel: No blueprints needed recompiling
[2017.04.19-16.16.34:735][208]PIE: New page: PIE session: DeathTrench (Apr 19, 2017, 8:16:34 AM)
[2017.04.19-16.16.34:735][208]LogPlayLevel: Creating play world package: /Game/Levels/UEDPIE_1_DeathTrench
[2017.04.19-16.16.34:742][208]LogPlayLevel: PIE: StaticDuplicateObject took: (0.007228s)
[2017.04.19-16.16.34:742][208]LogAIModule: Creating AISystem for world DeathTrench
[2017.04.19-16.16.34:743][208]LogPlayLevel: PIE: World Init took: (0.000673s)
[2017.04.19-16.16.34:743][208]LogPlayLevel: PIE: Created PIE world by copying editor world from /Game/Levels/DeathTrench.DeathTrench to /Game/Levels/UEDPIE_1_DeathTrench.DeathTrench (0.008147s)
[2017.04.19-16.16.34:765][208]LogInit: XAudio2 using 'Speakers (Realtek High Definition Audio)' : 2 channels at 48 kHz using 32 bits per sample (channel mask 0x3)
[2017.04.19-16.16.34:789][208]LogInit: FAudioDevice initialized.
[2017.04.19-16.16.34:817][208]LogLoad: Game class is 'GameModeBase'
[2017.04.19-16.16.34:821][208]LogWorld: Bringing World /Game/Levels/UEDPIE_1_DeathTrench.DeathTrench up for play (max tick rate 60) at 2017.04.19-12.16.34
[2017.04.19-16.16.34:821][208]LogWorld: Bringing up level for play took: 0.002781
[2017.04.19-16.16.34:822][208]LogInit: WinSock: Socket queue 131072 / 131072
[2017.04.19-16.16.34:822][208]PacketHandlerLog: Loaded PacketHandler component: Engine.EngineHandlerComponentFactory (StatelessConnectHandlerComponent)
[2017.04.19-16.16.34:822][208]LogNet: GameNetDriver IpNetDriver_2 IpNetDriver listening on port 7777
[2017.04.19-16.16.34:823][208]PIE: Info Play in editor start time for /Game/Levels/UEDPIE_1_DeathTrench 0.732
[2017.04.19-16.16.34:825][208]PIE: New page: PIE session: DeathTrench (Apr 19, 2017, 8:16:34 AM)
[2017.04.19-16.16.34:863][208]LogNet: Browse: 127.0.0.1//Engine/Maps/Entry
[2017.04.19-16.16.34:863][208]LogInit: WinSock: Socket queue 32768 / 32768
[2017.04.19-16.16.34:864][208]PacketHandlerLog: Loaded PacketHandler component: Engine.EngineHandlerComponentFactory (StatelessConnectHandlerComponent)
[2017.04.19-16.16.34:864][208]LogNet: Game client on port 7777, rate 10000
[2017.04.19-16.16.34:864][208]LogNet: UPendingNetGame::InitNetDriver: Sending hello. [UNetConnection] RemoteAddr: 127.0.0.1:7777, Name: IpConnection_2, Driver: PendingNetDriver IpNetDriver_3, IsServer: NO, PC: NULL, Owner: NULL
[2017.04.19-16.16.34:868][208]PIE: Info Play in editor start time for /Engine/Maps/Entry 0.776
[2017.04.19-16.16.34:874][208]LogBlueprintUserMessages: Late PlayInEditor Detection: Level '/Game/Levels/DeathTrench.DeathTrench:PersistentLevel' has LevelScriptBlueprint '/Game/Levels/DeathTrench.DeathTrench:PersistentLevel.DeathTrench' with GeneratedClass '/Game/Levels/DeathTrench.DeathTrench_C' with ClassGeneratedBy '/Game/Levels/DeathTrench.DeathTrench:PersistentLevel.DeathTrench'
[2017.04.19-16.16.34:874][208]LogHandshake: SendConnectChallenge. Timestamp: 0.016667, Cookie: 077002191123229055097122113081187120130029176210204065165021
[2017.04.19-16.16.34:875][208]LogHandshake: SendChallengeResponse. Timestamp: 0.016667, Cookie: 077002191123229055097122113081187120130029176210204065165021
[2017.04.19-16.16.34:923][209]LogNet: Server accepting post-challenge connection from: 127.0.0.1:59737
[2017.04.19-16.16.34:923][209]PacketHandlerLog: Loaded PacketHandler component: Engine.EngineHandlerComponentFactory (StatelessConnectHandlerComponent)
[2017.04.19-16.16.34:923][209]LogNet: NotifyAcceptedConnection: Name: DeathTrench, TimeStamp: 04/19/17 12:16:34, [UNetConnection] RemoteAddr: 127.0.0.1:59737, Name: IpConnection_3, Driver: GameNetDriver IpNetDriver_2, IsServer: YES, PC: NULL, Owner: NULL
[2017.04.19-16.16.34:924][209]LogNet: AddClientConnection: Added client connection: [UNetConnection] RemoteAddr: 127.0.0.1:59737, Name: IpConnection_3, Driver: GameNetDriver IpNetDriver_2, IsServer: YES, PC: NULL, Owner: NULL
[2017.04.19-16.16.34:953][211]LogNet: NotifyAcceptingChannel Control 0 server World /Game/Levels/UEDPIE_1_DeathTrench.DeathTrench: Accepted
[2017.04.19-16.16.34:953][211]LogNet: Remote platform little endian=1
[2017.04.19-16.16.34:953][211]LogNet: This platform little endian=1
[2017.04.19-16.16.34:969][212]LogNet: Login request: /Engine/Maps/Entry userId: Invalid
[2017.04.19-16.16.34:970][212]LogNet: Welcomed by server (Level: /Game/Levels/UEDPIE_1_DeathTrench, Game: /Script/Engine.GameModeBase)
[2017.04.19-16.16.34:970][212]LogLoad: LoadMap: 127.0.0.1//Game/Levels/UEDPIE_1_DeathTrench?game=/Script/Engine.GameModeBase
[2017.04.19-16.16.34:981][212]Cmd: MEM
[2017.04.19-16.16.34:991][212]LogMemory: Platform Memory Stats for Windows
[2017.04.19-16.16.34:991][212]LogMemory: Process Physical Memory: 1232.89 MB used, 1232.89 MB peak
[2017.04.19-16.16.34:991][212]LogMemory: Process Virtual Memory: 1730.53 MB used, 1730.53 MB peak
[2017.04.19-16.16.34:991][212]LogMemory: Physical Memory: 7775.16 MB used,  4430.65 MB free, 12205.81 MB total
[2017.04.19-16.16.34:991][212]LogMemory: Virtual Memory: 2619.14 MB used,  4430.65 MB free, 134217728.00 MB total
[2017.04.19-16.16.34:991][212]LogMemory: 
[2017.04.19-16.16.34:991][212]Allocator Stats for TBB: (not implemented)
[2017.04.19-16.16.35:000][212]LogAIModule: Creating AISystem for world DeathTrench
[2017.04.19-16.16.35:004][212]LogWorld: Bringing World /Game/Levels/UEDPIE_2_DeathTrench.DeathTrench up for play (max tick rate 60) at 2017.04.19-12.16.35
[2017.04.19-16.16.35:005][212]LogWorld: Bringing up level for play took: 0.003684
[2017.04.19-16.16.35:005][212]LogLoad: Took 0.035314 seconds to LoadMap(/Game/Levels/UEDPIE_1_DeathTrench)
[2017.04.19-16.16.35:023][213]LogNet: Client netspeed is 10000
[2017.04.19-16.16.35:023][213]LogNet: Join request: /Engine/Maps/Entry?SplitscreenCount=1
[2017.04.19-16.16.35:024][213]LogNet: Join succeeded: 259
[2017.04.19-16.16.39:763][478]LogBlueprintUserMessages: Early EndPlayMap Detection: Level '/Game/Levels/DeathTrench.DeathTrench:PersistentLevel' has LevelScriptBlueprint '/Game/Levels/DeathTrench.DeathTrench:PersistentLevel.DeathTrench' with GeneratedClass '/Game/Levels/DeathTrench.DeathTrench_C' with ClassGeneratedBy '/Game/Levels/DeathTrench.DeathTrench:PersistentLevel.DeathTrench'
[2017.04.19-16.16.39:865][478]LogBlueprintUserMessages: Late EndPlayMap Detection: Level '/Game/Levels/DeathTrench.DeathTrench:PersistentLevel' has LevelScriptBlueprint '/Game/Levels/DeathTrench.DeathTrench:PersistentLevel.DeathTrench' with GeneratedClass '/Game/Levels/DeathTrench.DeathTrench_C' with ClassGeneratedBy '/Game/Levels/DeathTrench.DeathTrench:PersistentLevel.DeathTrench'
[2017.04.19-16.16.39:876][478]LogNet: UChannel::CleanUp: ChIndex == 0. Closing connection. [UChannel] ChIndex: 0, Closing: 0 [UNetConnection] RemoteAddr: 127.0.0.1:59737, Name: IpConnection_3, Driver: GameNetDriver IpNetDriver_2, IsServer: YES, PC: None, Owner: None
[2017.04.19-16.16.39:876][478]LogNet: UNetConnection::Close: [UNetConnection] RemoteAddr: 127.0.0.1:59737, Name: IpConnection_3, Driver: GameNetDriver IpNetDriver_2, IsServer: YES, PC: None, Owner: None, Channels: 2, Time: 2017.04.19-16.16.39
[2017.04.19-16.16.39:876][478]LogNet: UChannel::Close: Sending CloseBunch. ChIndex == 0. Name: [UChannel] ChIndex: 0, Closing: 0 [UNetConnection] RemoteAddr: 127.0.0.1:59737, Name: IpConnection_3, Driver: GameNetDriver IpNetDriver_2, IsServer: YES, PC: None, Owner: None
[2017.04.19-16.16.39:876][478]LogNet: UChannel::CleanUp: ChIndex == 0. Closing connection. [UChannel] ChIndex: 0, Closing: 0 [UNetConnection] RemoteAddr: 127.0.0.1:7777, Name: IpConnection_2, Driver: GameNetDriver IpNetDriver_3, IsServer: NO, PC: None, Owner: None
[2017.04.19-16.16.39:876][478]LogNet: UNetConnection::Close: [UNetConnection] RemoteAddr: 127.0.0.1:7777, Name: IpConnection_2, Driver: GameNetDriver IpNetDriver_3, IsServer: NO, PC: None, Owner: None, Channels: 2, Time: 2017.04.19-16.16.39
[2017.04.19-16.16.39:876][478]LogNet: UChannel::Close: Sending CloseBunch. ChIndex == 0. Name: [UChannel] ChIndex: 0, Closing: 0 [UNetConnection] RemoteAddr: 127.0.0.1:7777, Name: IpConnection_2, Driver: GameNetDriver IpNetDriver_3, IsServer: NO, PC: None, Owner: None
[2017.04.19-16.16.39:880][478]LogExit: GameNetDriver None shut down
[2017.04.19-16.16.39:880][478]LogExit: GameNetDriver None shut down
[2017.04.19-16.17.11:471][367]LogContentBrowser: Native class hierarchy updated for 'BlueprintGraph' in 0.0026 seconds. Added 111 classes and 0 folders.
[2017.04.19-16.17.13:751][367]LogStats: FPlatformStackWalk::StackWalkAndDump -  0.977 s
[2017.04.19-16.17.13:751][367]LogOutputDevice:Error: === Handled ensure: ===
[2017.04.19-16.17.13:751][367]LogOutputDevice:Error: 
[2017.04.19-16.17.13:751][367]LogOutputDevice:Error: Ensure condition failed: BpClass != nullptr [File:D:\Build\++UE4+Release-4.14+Compile\Sync\Engine\Source\Editor\BlueprintGraph\Private\BlueprintActionFilter.cpp] [Line: 601]
[2017.04.19-16.17.13:751][367]LogOutputDevice:Error: Unable to resolve IsEventUnimplementable() - Blueprint (MyMoveLevelForward) missing an authoratative class (skel: [NULL], generated: [NULL], parent: [NULL])
[2017.04.19-16.17.13:751][367]LogOutputDevice:Error: Stack: 
[2017.04.19-16.17.13:751][367]LogOutputDevice:Error: UE4Editor-Core.dll
[2017.04.19-16.17.13:751][367]LogOutputDevice:Error: UE4Editor-Core.dll
[2017.04.19-16.17.13:751][367]LogOutputDevice:Error: UE4Editor-Core.dll
[2017.04.19-16.17.13:751][367]LogOutputDevice:Error: UE4Editor-BlueprintGraph.dll
[2017.04.19-16.17.13:751][367]LogOutputDevice:Error: UE4Editor-BlueprintGraph.dll
[2017.04.19-16.17.13:751][367]LogOutputDevice:Error: UE4Editor-BlueprintGraph.dll
[2017.04.19-16.17.13:751][367]LogOutputDevice:Error: UE4Editor-Kismet.dll
[2017.04.19-16.17.13:751][367]LogOutputDevice:Error: UE4Editor-Kismet.dll
[2017.04.19-16.17.13:751][367]LogOutputDevice:Error: UE4Editor-Kismet.dll
[2017.04.19-16.17.13:751][367]LogOutputDevice:Error: UE4Editor-Kismet.dll
[2017.04.19-16.17.13:751][367]LogOutputDevice:Error: UE4Editor-Kismet.dll
[2017.04.19-16.17.13:751][367]LogOutputDevice:Error: UE4Editor-Kismet.dll
[2017.04.19-16.17.13:751][367]LogOutputDevice:Error: UE4Editor-GraphEditor.dll
[2017.04.19-16.17.13:751][367]LogOutputDevice:Error: UE4Editor-GraphEditor.dll
[2017.04.19-16.17.13:751][367]LogOutputDevice:Error: UE4Editor-Kismet.dll
[2017.04.19-16.17.13:751][367]LogOutputDevice:Error: UE4Editor-Kismet.dll
[2017.04.19-16.17.13:751][367]LogOutputDevice:Error: UE4Editor-Kismet.dll
[2017.04.19-16.17.13:751][367]LogOutputDevice:Error: UE4Editor-Kismet.dll
[2017.04.19-16.17.13:751][367]LogOutputDevice:Error: UE4Editor-Kismet.dll
[2017.04.19-16.17.13:751][367]LogOutputDevice:Error: UE4Editor-Kismet.dll
[2017.04.19-16.17.13:751][367]LogOutputDevice:Error: UE4Editor-Kismet.dll
[2017.04.19-16.17.13:751][367]LogOutputDevice:Error: UE4Editor-Kismet.dll
[2017.04.19-16.17.13:751][367]LogOutputDevice:Error: UE4Editor-Kismet.dll
[2017.04.19-16.17.13:751][367]LogOutputDevice:Error: UE4Editor-Kismet.dll
[2017.04.19-16.17.13:751][367]LogOutputDevice:Error: UE4Editor-AssetTools.dll
[2017.04.19-16.17.13:751][367]LogOutputDevice:Error: UE4Editor-UnrealEd.dll
[2017.04.19-16.17.13:751][367]LogOutputDevice:Error: UE4Editor-AssetTools.dll
[2017.04.19-16.17.13:751][367]LogOutputDevice:Error: UE4Editor-ContentBrowser.dll
[2017.04.19-16.17.13:751][367]LogOutputDevice:Error: UE4Editor-ContentBrowser.dll
[2017.04.19-16.17.13:751][367]LogOutputDevice:Error: UE4Editor-ContentBrowser.dll
[2017.04.19-16.17.13:751][367]LogOutputDevice:Error: UE4Editor-ContentBrowser.dll
[2017.04.19-16.17.13:751][367]LogOutputDevice:Error: UE4Editor-ContentBrowser.dll
[2017.04.19-16.17.13:751][367]LogOutputDevice:Error: UE4Editor-ContentBrowser.dll
[2017.04.19-16.17.13:751][367]LogOutputDevice:Error: UE4Editor-ContentBrowser.dll
[2017.04.19-16.17.13:751][367]LogOutputDevice:Error: UE4Editor-ContentBrowser.dll
[2017.04.19-16.17.13:751][367]LogOutputDevice:Error: UE4Editor-ContentBrowser.dll
[2017.04.19-16.17.13:751][367]LogOutputDevice:Error: UE4Editor-ContentBrowser.dll
[2017.04.19-16.17.13:751][367]LogOutputDevice:Error: UE4Editor-Slate.dll
[2017.04.19-16.17.13:751][367]LogOutputDevice:Error: UE4Editor-Slate.dll
[2017.04.19-16.17.13:751][367]LogOutputDevice:Error: UE4Editor-Slate.dll
[2017.04.19-16.17.13:751][367]LogOutputDevice:Error: UE4Editor-Slate.dll
[2017.04.19-16.17.13:751][367]LogOutputDevice:Error: UE4Editor-Slate.dll
[2017.04.19-16.17.13:751][367]LogOutputDevice:Error: UE4Editor-Core.dll
[2017.04.19-16.17.13:751][367]LogOutputDevice:Error: UE4Editor-Core.dll
[2017.04.19-16.17.13:751][367]LogOutputDevice:Error: UE4Editor-Core.dll
[2017.04.19-16.17.13:751][367]LogOutputDevice:Error: UE4Editor-Core.dll
[2017.04.19-16.17.13:751][367]LogOutputDevice:Error: USER32.dll
[2017.04.19-16.17.13:751][367]LogOutputDevice:Error: USER32.dll
[2017.04.19-16.17.13:751][367]LogOutputDevice:Error: UE4Editor-Core.dll
[2017.04.19-16.17.13:751][367]LogOutputDevice:Error: UE4Editor.exe
[2017.04.19-16.17.13:751][367]LogOutputDevice:Error: UE4Editor.exe
[2017.04.19-16.17.13:751][367]LogOutputDevice:Error: UE4Editor.exe
[2017.04.19-16.17.13:751][367]LogOutputDevice:Error: UE4Editor.exe
[2017.04.19-16.17.13:751][367]LogOutputDevice:Error: UE4Editor.exe
[2017.04.19-16.17.13:751][367]LogOutputDevice:Error: KERNEL32.DLL
[2017.04.19-16.17.13:751][367]LogOutputDevice:Error: ntdll.dll
[2017.04.19-16.17.13:751][367]LogOutputDevice:Error: 
[2017.04.19-16.17.13:754][367]LogStats:                SubmitErrorReport -  0.000 s
[2017.04.19-16.17.23:142][367]LogStats:                    SendNewReport -  9.389 s
[2017.04.19-16.17.23:143][367]LogStats:             FDebug::EnsureFailed - 10.368 s
[2017.04.19-16.17.23:151][367]LogStats: FPlatformStackWalk::StackWalkAndDump -  0.001 s
[2017.04.19-16.17.23:151][367]LogOutputDevice:Error: === Handled ensure: ===
[2017.04.19-16.17.23:151][367]LogOutputDevice:Error: 
[2017.04.19-16.17.23:151][367]LogOutputDevice:Error: Ensure condition failed: BpClass != nullptr [File:D:\Build\++UE4+Release-4.14+Compile\Sync\Engine\Source\Editor\BlueprintGraph\Private\BlueprintActionFilter.cpp] [Line: 700]
[2017.04.19-16.17.23:151][367]LogOutputDevice:Error: Unable to resolve IsFieldInaccessible() - Blueprint (MyMoveLevelForward) missing an authoratative class (skel: [NULL], generated: [NULL], parent: [NULL])
[2017.04.19-16.17.23:151][367]LogOutputDevice:Error: Stack: 
[2017.04.19-16.17.23:151][367]LogOutputDevice:Error: UE4Editor-Core.dll
[2017.04.19-16.17.23:151][367]LogOutputDevice:Error: UE4Editor-Core.dll
[2017.04.19-16.17.23:151][367]LogOutputDevice:Error: UE4Editor-Core.dll
[2017.04.19-16.17.23:151][367]LogOutputDevice:Error: UE4Editor-BlueprintGraph.dll
[2017.04.19-16.17.23:151][367]LogOutputDevice:Error: UE4Editor-BlueprintGraph.dll
[2017.04.19-16.17.23:151][367]LogOutputDevice:Error: UE4Editor-BlueprintGraph.dll
[2017.04.19-16.17.23:151][367]LogOutputDevice:Error: UE4Editor-Kismet.dll
[2017.04.19-16.17.23:151][367]LogOutputDevice:Error: UE4Editor-Kismet.dll
[2017.04.19-16.17.23:151][367]LogOutputDevice:Error: UE4Editor-Kismet.dll
[2017.04.19-16.17.23:151][367]LogOutputDevice:Error: UE4Editor-Kismet.dll
[2017.04.19-16.17.23:151][367]LogOutputDevice:Error: UE4Editor-Kismet.dll
[2017.04.19-16.17.23:151][367]LogOutputDevice:Error: UE4Editor-Kismet.dll
[2017.04.19-16.17.23:151][367]LogOutputDevice:Error: UE4Editor-GraphEditor.dll
[2017.04.19-16.17.23:151][367]LogOutputDevice:Error: UE4Editor-GraphEditor.dll
[2017.04.19-16.17.23:151][367]LogOutputDevice:Error: UE4Editor-Kismet.dll
[2017.04.19-16.17.23:151][367]LogOutputDevice:Error: UE4Editor-Kismet.dll
[2017.04.19-16.17.23:151][367]LogOutputDevice:Error: UE4Editor-Kismet.dll
[2017.04.19-16.17.23:151][367]LogOutputDevice:Error: UE4Editor-Kismet.dll
[2017.04.19-16.17.23:151][367]LogOutputDevice:Error: UE4Editor-Kismet.dll
[2017.04.19-16.17.23:151][367]LogOutputDevice:Error: UE4Editor-Kismet.dll
[2017.04.19-16.17.23:152][367]LogOutputDevice:Error: UE4Editor-Kismet.dll
[2017.04.19-16.17.23:152][367]LogOutputDevice:Error: UE4Editor-Kismet.dll
[2017.04.19-16.17.23:152][367]LogOutputDevice:Error: UE4Editor-Kismet.dll
[2017.04.19-16.17.23:152][367]LogOutputDevice:Error: UE4Editor-Kismet.dll
[2017.04.19-16.17.23:152][367]LogOutputDevice:Error: UE4Editor-AssetTools.dll
[2017.04.19-16.17.23:152][367]LogOutputDevice:Error: UE4Editor-UnrealEd.dll
[2017.04.19-16.17.23:152][367]LogOutputDevice:Error: UE4Editor-AssetTools.dll
[2017.04.19-16.17.23:152][367]LogOutputDevice:Error: UE4Editor-ContentBrowser.dll
[2017.04.19-16.17.23:152][367]LogOutputDevice:Error: UE4Editor-ContentBrowser.dll
[2017.04.19-16.17.23:152][367]LogOutputDevice:Error: UE4Editor-ContentBrowser.dll
[2017.04.19-16.17.23:152][367]LogOutputDevice:Error: UE4Editor-ContentBrowser.dll
[2017.04.19-16.17.23:152][367]LogOutputDevice:Error: UE4Editor-ContentBrowser.dll
[2017.04.19-16.17.23:152][367]LogOutputDevice:Error: UE4Editor-ContentBrowser.dll
[2017.04.19-16.17.23:152][367]LogOutputDevice:Error: UE4Editor-ContentBrowser.dll
[2017.04.19-16.17.23:152][367]LogOutputDevice:Error: UE4Editor-ContentBrowser.dll
[2017.04.19-16.17.23:152][367]LogOutputDevice:Error: UE4Editor-ContentBrowser.dll
[2017.04.19-16.17.23:152][367]LogOutputDevice:Error: UE4Editor-ContentBrowser.dll
[2017.04.19-16.17.23:152][367]LogOutputDevice:Error: UE4Editor-Slate.dll
[2017.04.19-16.17.23:152][367]LogOutputDevice:Error: UE4Editor-Slate.dll
[2017.04.19-16.17.23:152][367]LogOutputDevice:Error: UE4Editor-Slate.dll
[2017.04.19-16.17.23:152][367]LogOutputDevice:Error: UE4Editor-Slate.dll
[2017.04.19-16.17.23:152][367]LogOutputDevice:Error: UE4Editor-Slate.dll
[2017.04.19-16.17.23:152][367]LogOutputDevice:Error: UE4Editor-Core.dll
[2017.04.19-16.17.23:152][367]LogOutputDevice:Error: UE4Editor-Core.dll
[2017.04.19-16.17.23:152][367]LogOutputDevice:Error: UE4Editor-Core.dll
[2017.04.19-16.17.23:152][367]LogOutputDevice:Error: UE4Editor-Core.dll
[2017.04.19-16.17.23:152][367]LogOutputDevice:Error: USER32.dll
[2017.04.19-16.17.23:152][367]LogOutputDevice:Error: USER32.dll
[2017.04.19-16.17.23:152][367]LogOutputDevice:Error: UE4Editor-Core.dll
[2017.04.19-16.17.23:152][367]LogOutputDevice:Error: UE4Editor.exe
[2017.04.19-16.17.23:152][367]LogOutputDevice:Error: UE4Editor.exe
[2017.04.19-16.17.23:152][367]LogOutputDevice:Error: UE4Editor.exe
[2017.04.19-16.17.23:152][367]LogOutputDevice:Error: UE4Editor.exe
[2017.04.19-16.17.23:152][367]LogOutputDevice:Error: UE4Editor.exe
[2017.04.19-16.17.23:152][367]LogOutputDevice:Error: KERNEL32.DLL
[2017.04.19-16.17.23:152][367]LogOutputDevice:Error: ntdll.dll
[2017.04.19-16.17.23:152][367]LogOutputDevice:Error: 
[2017.04.19-16.17.23:160][367]LogStats:                SubmitErrorReport -  0.000 s
[2017.04.19-16.17.23:378][367]LogStats:                    SendNewReport -  0.218 s
[2017.04.19-16.17.23:378][367]LogStats:             FDebug::EnsureFailed -  0.228 s
[2017.04.19-16.17.24:743][367]LogStats: FPlatformStackWalk::StackWalkAndDump -  0.001 s
[2017.04.19-16.17.24:743][367]LogOutputDevice:Error: === Handled ensure: ===
[2017.04.19-16.17.24:743][367]LogOutputDevice:Error: 
[2017.04.19-16.17.24:743][367]LogOutputDevice:Error: Ensure condition failed: Blueprint != nullptr && Blueprint->ParentClass != nullptr [File:D:\Build\++UE4+Release-4.14+Compile\Sync\Engine\Source\Editor\BlueprintGraph\Private\BlueprintActionFilter.cpp] [Line: 1625]
[2017.04.19-16.17.24:743][367]LogOutputDevice:Error: 
[2017.04.19-16.17.24:743][367]LogOutputDevice:Error: Stack: 
[2017.04.19-16.17.24:743][367]LogOutputDevice:Error: UE4Editor-Core.dll
[2017.04.19-16.17.24:743][367]LogOutputDevice:Error: UE4Editor-Core.dll
[2017.04.19-16.17.24:743][367]LogOutputDevice:Error: UE4Editor-Core.dll
[2017.04.19-16.17.24:743][367]LogOutputDevice:Error: UE4Editor-BlueprintGraph.dll
[2017.04.19-16.17.24:743][367]LogOutputDevice:Error: UE4Editor-BlueprintGraph.dll
[2017.04.19-16.17.24:743][367]LogOutputDevice:Error: UE4Editor-BlueprintGraph.dll
[2017.04.19-16.17.24:743][367]LogOutputDevice:Error: UE4Editor-Kismet.dll
[2017.04.19-16.17.24:743][367]LogOutputDevice:Error: UE4Editor-Kismet.dll
[2017.04.19-16.17.24:743][367]LogOutputDevice:Error: UE4Editor-Kismet.dll
[2017.04.19-16.17.24:743][367]LogOutputDevice:Error: UE4Editor-Kismet.dll
[2017.04.19-16.17.24:743][367]LogOutputDevice:Error: UE4Editor-Kismet.dll
[2017.04.19-16.17.24:743][367]LogOutputDevice:Error: UE4Editor-Kismet.dll
[2017.04.19-16.17.24:743][367]LogOutputDevice:Error: UE4Editor-GraphEditor.dll
[2017.04.19-16.17.24:743][367]LogOutputDevice:Error: UE4Editor-GraphEditor.dll
[2017.04.19-16.17.24:743][367]LogOutputDevice:Error: UE4Editor-Kismet.dll
[2017.04.19-16.17.24:743][367]LogOutputDevice:Error: UE4Editor-Kismet.dll
[2017.04.19-16.17.24:743][367]LogOutputDevice:Error: UE4Editor-Kismet.dll
[2017.04.19-16.17.24:743][367]LogOutputDevice:Error: UE4Editor-Kismet.dll
[2017.04.19-16.17.24:743][367]LogOutputDevice:Error: UE4Editor-Kismet.dll
[2017.04.19-16.17.24:743][367]LogOutputDevice:Error: UE4Editor-Kismet.dll
[2017.04.19-16.17.24:743][367]LogOutputDevice:Error: UE4Editor-Kismet.dll
[2017.04.19-16.17.24:743][367]LogOutputDevice:Error: UE4Editor-Kismet.dll
[2017.04.19-16.17.24:743][367]LogOutputDevice:Error: UE4Editor-Kismet.dll
[2017.04.19-16.17.24:743][367]LogOutputDevice:Error: UE4Editor-Kismet.dll
[2017.04.19-16.17.24:744][367]LogOutputDevice:Error: UE4Editor-AssetTools.dll
[2017.04.19-16.17.24:744][367]LogOutputDevice:Error: UE4Editor-UnrealEd.dll
[2017.04.19-16.17.24:744][367]LogOutputDevice:Error: UE4Editor-AssetTools.dll
[2017.04.19-16.17.24:744][367]LogOutputDevice:Error: UE4Editor-ContentBrowser.dll
[2017.04.19-16.17.24:744][367]LogOutputDevice:Error: UE4Editor-ContentBrowser.dll
[2017.04.19-16.17.24:744][367]LogOutputDevice:Error: UE4Editor-ContentBrowser.dll
[2017.04.19-16.17.24:744][367]LogOutputDevice:Error: UE4Editor-ContentBrowser.dll
[2017.04.19-16.17.24:744][367]LogOutputDevice:Error: UE4Editor-ContentBrowser.dll
[2017.04.19-16.17.24:744][367]LogOutputDevice:Error: UE4Editor-ContentBrowser.dll
[2017.04.19-16.17.24:744][367]LogOutputDevice:Error: UE4Editor-ContentBrowser.dll
[2017.04.19-16.17.24:744][367]LogOutputDevice:Error: UE4Editor-ContentBrowser.dll
[2017.04.19-16.17.24:744][367]LogOutputDevice:Error: UE4Editor-ContentBrowser.dll
[2017.04.19-16.17.24:744][367]LogOutputDevice:Error: UE4Editor-ContentBrowser.dll
[2017.04.19-16.17.24:744][367]LogOutputDevice:Error: UE4Editor-Slate.dll
[2017.04.19-16.17.24:744][367]LogOutputDevice:Error: UE4Editor-Slate.dll
[2017.04.19-16.17.24:744][367]LogOutputDevice:Error: UE4Editor-Slate.dll
[2017.04.19-16.17.24:744][367]LogOutputDevice:Error: UE4Editor-Slate.dll
[2017.04.19-16.17.24:744][367]LogOutputDevice:Error: UE4Editor-Slate.dll
[2017.04.19-16.17.24:744][367]LogOutputDevice:Error: UE4Editor-Core.dll
[2017.04.19-16.17.24:744][367]LogOutputDevice:Error: UE4Editor-Core.dll
[2017.04.19-16.17.24:744][367]LogOutputDevice:Error: UE4Editor-Core.dll
[2017.04.19-16.17.24:744][367]LogOutputDevice:Error: UE4Editor-Core.dll
[2017.04.19-16.17.24:744][367]LogOutputDevice:Error: USER32.dll
[2017.04.19-16.17.24:744][367]LogOutputDevice:Error: USER32.dll
[2017.04.19-16.17.24:744][367]LogOutputDevice:Error: UE4Editor-Core.dll
[2017.04.19-16.17.24:744][367]LogOutputDevice:Error: UE4Editor.exe
[2017.04.19-16.17.24:744][367]LogOutputDevice:Error: UE4Editor.exe
[2017.04.19-16.17.24:744][367]LogOutputDevice:Error: UE4Editor.exe
[2017.04.19-16.17.24:744][367]LogOutputDevice:Error: UE4Editor.exe
[2017.04.19-16.17.24:744][367]LogOutputDevice:Error: UE4Editor.exe
[2017.04.19-16.17.24:744][367]LogOutputDevice:Error: KERNEL32.DLL
[2017.04.19-16.17.24:744][367]LogOutputDevice:Error: ntdll.dll
[2017.04.19-16.17.24:744][367]LogOutputDevice:Error: 
[2017.04.19-16.17.24:750][367]LogStats:                SubmitErrorReport -  0.000 s
[2017.04.19-16.17.24:994][367]LogStats:                    SendNewReport -  0.244 s
[2017.04.19-16.17.24:994][367]LogStats:             FDebug::EnsureFailed -  0.251 s
